{"/Users/andeladeveloper/cp/document-manager/server/test/endpoints/user.spec.js":{"path":"/Users/andeladeveloper/cp/document-manager/server/test/endpoints/user.spec.js","statementMap":{"0":{"start":{"line":3,"column":17},"end":{"line":3,"column":37}},"1":{"start":{"line":5,"column":18},"end":{"line":5,"column":52}},"2":{"start":{"line":7,"column":12},"end":{"line":7,"column":27}},"3":{"start":{"line":9,"column":14},"end":{"line":9,"column":37}},"4":{"start":{"line":11,"column":15},"end":{"line":11,"column":46}},"5":{"start":{"line":13,"column":14},"end":{"line":13,"column":40}},"6":{"start":{"line":15,"column":15},"end":{"line":15,"column":46}},"7":{"start":{"line":17,"column":18},"end":{"line":17,"column":50}},"8":{"start":{"line":19,"column":19},"end":{"line":19,"column":54}},"9":{"start":{"line":21,"column":18},"end":{"line":21,"column":50}},"10":{"start":{"line":23,"column":19},"end":{"line":23,"column":54}},"11":{"start":{"line":25,"column":39},"end":{"line":25,"column":93}},"12":{"start":{"line":28,"column":13},"end":{"line":28,"column":56}},"13":{"start":{"line":29,"column":18},"end":{"line":29,"column":60}},"14":{"start":{"line":30,"column":23},"end":{"line":30,"column":29}},"15":{"start":{"line":31,"column":21},"end":{"line":31,"column":27}},"16":{"start":{"line":32,"column":20},"end":{"line":32,"column":26}},"17":{"start":{"line":34,"column":0},"end":{"line":620,"column":3}},"18":{"start":{"line":35,"column":2},"end":{"line":45,"column":5}},"19":{"start":{"line":36,"column":4},"end":{"line":44,"column":7}},"20":{"start":{"line":38,"column":6},"end":{"line":43,"column":9}},"21":{"start":{"line":40,"column":8},"end":{"line":40,"column":53}},"22":{"start":{"line":41,"column":8},"end":{"line":41,"column":45}},"23":{"start":{"line":42,"column":8},"end":{"line":42,"column":15}},"24":{"start":{"line":47,"column":2},"end":{"line":51,"column":5}},"25":{"start":{"line":48,"column":4},"end":{"line":50,"column":7}},"26":{"start":{"line":49,"column":6},"end":{"line":49,"column":13}},"27":{"start":{"line":53,"column":2},"end":{"line":139,"column":5}},"28":{"start":{"line":54,"column":25},"end":{"line":54,"column":67}},"29":{"start":{"line":55,"column":4},"end":{"line":60,"column":7}},"30":{"start":{"line":56,"column":6},"end":{"line":59,"column":9}},"31":{"start":{"line":57,"column":8},"end":{"line":57,"column":57}},"32":{"start":{"line":58,"column":8},"end":{"line":58,"column":15}},"33":{"start":{"line":62,"column":4},"end":{"line":70,"column":7}},"34":{"start":{"line":63,"column":27},"end":{"line":63,"column":69}},"35":{"start":{"line":64,"column":6},"end":{"line":64,"column":28}},"36":{"start":{"line":65,"column":6},"end":{"line":69,"column":9}},"37":{"start":{"line":66,"column":8},"end":{"line":66,"column":57}},"38":{"start":{"line":67,"column":8},"end":{"line":67,"column":94}},"39":{"start":{"line":68,"column":8},"end":{"line":68,"column":15}},"40":{"start":{"line":72,"column":4},"end":{"line":77,"column":7}},"41":{"start":{"line":73,"column":6},"end":{"line":76,"column":9}},"42":{"start":{"line":74,"column":8},"end":{"line":74,"column":57}},"43":{"start":{"line":75,"column":8},"end":{"line":75,"column":15}},"44":{"start":{"line":79,"column":4},"end":{"line":85,"column":7}},"45":{"start":{"line":80,"column":6},"end":{"line":84,"column":9}},"46":{"start":{"line":81,"column":8},"end":{"line":81,"column":57}},"47":{"start":{"line":82,"column":8},"end":{"line":82,"column":73}},"48":{"start":{"line":83,"column":8},"end":{"line":83,"column":15}},"49":{"start":{"line":87,"column":4},"end":{"line":95,"column":7}},"50":{"start":{"line":88,"column":17},"end":{"line":88,"column":59}},"51":{"start":{"line":89,"column":6},"end":{"line":89,"column":29}},"52":{"start":{"line":90,"column":6},"end":{"line":94,"column":9}},"53":{"start":{"line":91,"column":8},"end":{"line":91,"column":57}},"54":{"start":{"line":92,"column":8},"end":{"line":92,"column":105}},"55":{"start":{"line":93,"column":8},"end":{"line":93,"column":15}},"56":{"start":{"line":97,"column":4},"end":{"line":106,"column":7}},"57":{"start":{"line":98,"column":6},"end":{"line":105,"column":9}},"58":{"start":{"line":99,"column":8},"end":{"line":99,"column":57}},"59":{"start":{"line":100,"column":8},"end":{"line":100,"column":71}},"60":{"start":{"line":101,"column":8},"end":{"line":101,"column":70}},"61":{"start":{"line":102,"column":8},"end":{"line":102,"column":67}},"62":{"start":{"line":103,"column":8},"end":{"line":103,"column":68}},"63":{"start":{"line":104,"column":8},"end":{"line":104,"column":15}},"64":{"start":{"line":108,"column":4},"end":{"line":114,"column":7}},"65":{"start":{"line":109,"column":24},"end":{"line":109,"column":26}},"66":{"start":{"line":110,"column":6},"end":{"line":113,"column":9}},"67":{"start":{"line":111,"column":8},"end":{"line":111,"column":57}},"68":{"start":{"line":112,"column":8},"end":{"line":112,"column":15}},"69":{"start":{"line":116,"column":4},"end":{"line":121,"column":7}},"70":{"start":{"line":117,"column":6},"end":{"line":120,"column":9}},"71":{"start":{"line":118,"column":8},"end":{"line":118,"column":57}},"72":{"start":{"line":119,"column":8},"end":{"line":119,"column":15}},"73":{"start":{"line":123,"column":4},"end":{"line":131,"column":7}},"74":{"start":{"line":124,"column":20},"end":{"line":124,"column":61}},"75":{"start":{"line":125,"column":6},"end":{"line":125,"column":33}},"76":{"start":{"line":126,"column":6},"end":{"line":130,"column":9}},"77":{"start":{"line":127,"column":8},"end":{"line":127,"column":57}},"78":{"start":{"line":128,"column":8},"end":{"line":128,"column":89}},"79":{"start":{"line":129,"column":8},"end":{"line":129,"column":15}},"80":{"start":{"line":133,"column":4},"end":{"line":138,"column":7}},"81":{"start":{"line":134,"column":6},"end":{"line":137,"column":9}},"82":{"start":{"line":135,"column":8},"end":{"line":135,"column":57}},"83":{"start":{"line":136,"column":8},"end":{"line":136,"column":15}},"84":{"start":{"line":141,"column":2},"end":{"line":248,"column":5}},"85":{"start":{"line":142,"column":4},"end":{"line":150,"column":7}},"86":{"start":{"line":143,"column":6},"end":{"line":149,"column":9}},"87":{"start":{"line":147,"column":8},"end":{"line":147,"column":57}},"88":{"start":{"line":148,"column":8},"end":{"line":148,"column":15}},"89":{"start":{"line":152,"column":4},"end":{"line":163,"column":7}},"90":{"start":{"line":153,"column":6},"end":{"line":162,"column":9}},"91":{"start":{"line":157,"column":8},"end":{"line":157,"column":57}},"92":{"start":{"line":158,"column":8},"end":{"line":158,"column":73}},"93":{"start":{"line":160,"column":8},"end":{"line":160,"column":51}},"94":{"start":{"line":161,"column":8},"end":{"line":161,"column":15}},"95":{"start":{"line":165,"column":4},"end":{"line":173,"column":7}},"96":{"start":{"line":166,"column":6},"end":{"line":172,"column":9}},"97":{"start":{"line":170,"column":8},"end":{"line":170,"column":57}},"98":{"start":{"line":171,"column":8},"end":{"line":171,"column":15}},"99":{"start":{"line":175,"column":4},"end":{"line":184,"column":7}},"100":{"start":{"line":176,"column":6},"end":{"line":183,"column":9}},"101":{"start":{"line":180,"column":8},"end":{"line":180,"column":57}},"102":{"start":{"line":181,"column":8},"end":{"line":181,"column":73}},"103":{"start":{"line":182,"column":8},"end":{"line":182,"column":15}},"104":{"start":{"line":186,"column":4},"end":{"line":206,"column":7}},"105":{"start":{"line":187,"column":6},"end":{"line":205,"column":9}},"106":{"start":{"line":191,"column":8},"end":{"line":191,"column":57}},"107":{"start":{"line":198,"column":27},"end":{"line":198,"column":66}},"108":{"start":{"line":199,"column":27},"end":{"line":199,"column":84}},"109":{"start":{"line":200,"column":8},"end":{"line":200,"column":67}},"110":{"start":{"line":201,"column":8},"end":{"line":201,"column":67}},"111":{"start":{"line":202,"column":8},"end":{"line":202,"column":70}},"112":{"start":{"line":203,"column":8},"end":{"line":203,"column":69}},"113":{"start":{"line":204,"column":8},"end":{"line":204,"column":15}},"114":{"start":{"line":208,"column":4},"end":{"line":218,"column":7}},"115":{"start":{"line":209,"column":6},"end":{"line":217,"column":9}},"116":{"start":{"line":213,"column":8},"end":{"line":213,"column":57}},"117":{"start":{"line":214,"column":8},"end":{"line":214,"column":76}},"118":{"start":{"line":215,"column":8},"end":{"line":215,"column":77}},"119":{"start":{"line":216,"column":8},"end":{"line":216,"column":15}},"120":{"start":{"line":220,"column":4},"end":{"line":229,"column":7}},"121":{"start":{"line":221,"column":30},"end":{"line":221,"column":72}},"122":{"start":{"line":222,"column":6},"end":{"line":228,"column":9}},"123":{"start":{"line":226,"column":8},"end":{"line":226,"column":57}},"124":{"start":{"line":227,"column":8},"end":{"line":227,"column":15}},"125":{"start":{"line":231,"column":4},"end":{"line":238,"column":7}},"126":{"start":{"line":232,"column":6},"end":{"line":237,"column":9}},"127":{"start":{"line":235,"column":8},"end":{"line":235,"column":57}},"128":{"start":{"line":236,"column":8},"end":{"line":236,"column":15}},"129":{"start":{"line":240,"column":4},"end":{"line":247,"column":7}},"130":{"start":{"line":241,"column":6},"end":{"line":246,"column":9}},"131":{"start":{"line":244,"column":8},"end":{"line":244,"column":57}},"132":{"start":{"line":245,"column":8},"end":{"line":245,"column":15}},"133":{"start":{"line":250,"column":2},"end":{"line":274,"column":5}},"134":{"start":{"line":251,"column":25},"end":{"line":251,"column":67}},"135":{"start":{"line":252,"column":4},"end":{"line":258,"column":7}},"136":{"start":{"line":253,"column":6},"end":{"line":257,"column":9}},"137":{"start":{"line":254,"column":8},"end":{"line":254,"column":57}},"138":{"start":{"line":255,"column":8},"end":{"line":255,"column":49}},"139":{"start":{"line":256,"column":8},"end":{"line":256,"column":15}},"140":{"start":{"line":260,"column":4},"end":{"line":265,"column":7}},"141":{"start":{"line":261,"column":6},"end":{"line":264,"column":9}},"142":{"start":{"line":262,"column":8},"end":{"line":262,"column":57}},"143":{"start":{"line":263,"column":8},"end":{"line":263,"column":15}},"144":{"start":{"line":267,"column":4},"end":{"line":273,"column":7}},"145":{"start":{"line":268,"column":6},"end":{"line":272,"column":9}},"146":{"start":{"line":269,"column":8},"end":{"line":269,"column":57}},"147":{"start":{"line":270,"column":8},"end":{"line":270,"column":79}},"148":{"start":{"line":271,"column":8},"end":{"line":271,"column":15}},"149":{"start":{"line":276,"column":2},"end":{"line":335,"column":5}},"150":{"start":{"line":277,"column":4},"end":{"line":283,"column":7}},"151":{"start":{"line":278,"column":6},"end":{"line":282,"column":9}},"152":{"start":{"line":279,"column":8},"end":{"line":279,"column":57}},"153":{"start":{"line":280,"column":8},"end":{"line":280,"column":66}},"154":{"start":{"line":281,"column":8},"end":{"line":281,"column":15}},"155":{"start":{"line":285,"column":4},"end":{"line":291,"column":7}},"156":{"start":{"line":286,"column":6},"end":{"line":290,"column":9}},"157":{"start":{"line":287,"column":8},"end":{"line":287,"column":57}},"158":{"start":{"line":288,"column":8},"end":{"line":288,"column":66}},"159":{"start":{"line":289,"column":8},"end":{"line":289,"column":15}},"160":{"start":{"line":293,"column":4},"end":{"line":298,"column":7}},"161":{"start":{"line":294,"column":6},"end":{"line":297,"column":9}},"162":{"start":{"line":295,"column":8},"end":{"line":295,"column":57}},"163":{"start":{"line":296,"column":8},"end":{"line":296,"column":15}},"164":{"start":{"line":300,"column":4},"end":{"line":307,"column":7}},"165":{"start":{"line":301,"column":25},"end":{"line":301,"column":26}},"166":{"start":{"line":302,"column":6},"end":{"line":306,"column":9}},"167":{"start":{"line":303,"column":8},"end":{"line":303,"column":57}},"168":{"start":{"line":304,"column":8},"end":{"line":304,"column":66}},"169":{"start":{"line":305,"column":8},"end":{"line":305,"column":15}},"170":{"start":{"line":309,"column":4},"end":{"line":316,"column":7}},"171":{"start":{"line":310,"column":25},"end":{"line":310,"column":27}},"172":{"start":{"line":311,"column":6},"end":{"line":315,"column":9}},"173":{"start":{"line":312,"column":8},"end":{"line":312,"column":57}},"174":{"start":{"line":313,"column":8},"end":{"line":313,"column":66}},"175":{"start":{"line":314,"column":8},"end":{"line":314,"column":15}},"176":{"start":{"line":318,"column":4},"end":{"line":325,"column":7}},"177":{"start":{"line":319,"column":24},"end":{"line":319,"column":25}},"178":{"start":{"line":320,"column":6},"end":{"line":324,"column":9}},"179":{"start":{"line":321,"column":8},"end":{"line":321,"column":57}},"180":{"start":{"line":322,"column":8},"end":{"line":322,"column":66}},"181":{"start":{"line":323,"column":8},"end":{"line":323,"column":15}},"182":{"start":{"line":327,"column":4},"end":{"line":334,"column":7}},"183":{"start":{"line":328,"column":24},"end":{"line":328,"column":26}},"184":{"start":{"line":329,"column":6},"end":{"line":333,"column":9}},"185":{"start":{"line":330,"column":8},"end":{"line":330,"column":57}},"186":{"start":{"line":331,"column":8},"end":{"line":331,"column":66}},"187":{"start":{"line":332,"column":8},"end":{"line":332,"column":15}},"188":{"start":{"line":337,"column":2},"end":{"line":377,"column":5}},"189":{"start":{"line":338,"column":4},"end":{"line":344,"column":7}},"190":{"start":{"line":339,"column":6},"end":{"line":343,"column":9}},"191":{"start":{"line":340,"column":8},"end":{"line":340,"column":57}},"192":{"start":{"line":341,"column":8},"end":{"line":341,"column":66}},"193":{"start":{"line":342,"column":8},"end":{"line":342,"column":15}},"194":{"start":{"line":346,"column":4},"end":{"line":352,"column":7}},"195":{"start":{"line":347,"column":6},"end":{"line":351,"column":9}},"196":{"start":{"line":348,"column":8},"end":{"line":348,"column":57}},"197":{"start":{"line":349,"column":8},"end":{"line":349,"column":66}},"198":{"start":{"line":350,"column":8},"end":{"line":350,"column":15}},"199":{"start":{"line":354,"column":4},"end":{"line":360,"column":7}},"200":{"start":{"line":355,"column":6},"end":{"line":359,"column":9}},"201":{"start":{"line":356,"column":8},"end":{"line":356,"column":57}},"202":{"start":{"line":357,"column":8},"end":{"line":357,"column":73}},"203":{"start":{"line":358,"column":8},"end":{"line":358,"column":15}},"204":{"start":{"line":362,"column":4},"end":{"line":368,"column":7}},"205":{"start":{"line":363,"column":6},"end":{"line":367,"column":9}},"206":{"start":{"line":364,"column":8},"end":{"line":364,"column":57}},"207":{"start":{"line":365,"column":8},"end":{"line":365,"column":76}},"208":{"start":{"line":366,"column":8},"end":{"line":366,"column":15}},"209":{"start":{"line":370,"column":4},"end":{"line":376,"column":7}},"210":{"start":{"line":371,"column":6},"end":{"line":375,"column":9}},"211":{"start":{"line":372,"column":8},"end":{"line":372,"column":57}},"212":{"start":{"line":373,"column":8},"end":{"line":373,"column":89}},"213":{"start":{"line":374,"column":8},"end":{"line":374,"column":15}},"214":{"start":{"line":379,"column":2},"end":{"line":414,"column":5}},"215":{"start":{"line":380,"column":4},"end":{"line":387,"column":7}},"216":{"start":{"line":381,"column":18},"end":{"line":381,"column":39}},"217":{"start":{"line":382,"column":6},"end":{"line":386,"column":9}},"218":{"start":{"line":383,"column":8},"end":{"line":383,"column":57}},"219":{"start":{"line":384,"column":8},"end":{"line":384,"column":66}},"220":{"start":{"line":385,"column":8},"end":{"line":385,"column":15}},"221":{"start":{"line":389,"column":4},"end":{"line":396,"column":7}},"222":{"start":{"line":390,"column":18},"end":{"line":390,"column":38}},"223":{"start":{"line":391,"column":6},"end":{"line":395,"column":9}},"224":{"start":{"line":392,"column":8},"end":{"line":392,"column":57}},"225":{"start":{"line":393,"column":8},"end":{"line":393,"column":66}},"226":{"start":{"line":394,"column":8},"end":{"line":394,"column":15}},"227":{"start":{"line":398,"column":4},"end":{"line":405,"column":7}},"228":{"start":{"line":399,"column":18},"end":{"line":399,"column":35}},"229":{"start":{"line":400,"column":6},"end":{"line":404,"column":9}},"230":{"start":{"line":401,"column":8},"end":{"line":401,"column":57}},"231":{"start":{"line":402,"column":8},"end":{"line":402,"column":66}},"232":{"start":{"line":403,"column":8},"end":{"line":403,"column":15}},"233":{"start":{"line":407,"column":4},"end":{"line":413,"column":7}},"234":{"start":{"line":408,"column":18},"end":{"line":408,"column":20}},"235":{"start":{"line":409,"column":6},"end":{"line":412,"column":9}},"236":{"start":{"line":410,"column":8},"end":{"line":410,"column":57}},"237":{"start":{"line":411,"column":8},"end":{"line":411,"column":15}},"238":{"start":{"line":416,"column":2},"end":{"line":540,"column":5}},"239":{"start":{"line":417,"column":4},"end":{"line":422,"column":7}},"240":{"start":{"line":418,"column":6},"end":{"line":421,"column":9}},"241":{"start":{"line":419,"column":8},"end":{"line":419,"column":57}},"242":{"start":{"line":420,"column":8},"end":{"line":420,"column":15}},"243":{"start":{"line":424,"column":4},"end":{"line":429,"column":7}},"244":{"start":{"line":425,"column":6},"end":{"line":428,"column":9}},"245":{"start":{"line":426,"column":8},"end":{"line":426,"column":57}},"246":{"start":{"line":427,"column":8},"end":{"line":427,"column":15}},"247":{"start":{"line":431,"column":4},"end":{"line":439,"column":7}},"248":{"start":{"line":432,"column":26},"end":{"line":432,"column":31}},"249":{"start":{"line":433,"column":6},"end":{"line":438,"column":9}},"250":{"start":{"line":436,"column":8},"end":{"line":436,"column":57}},"251":{"start":{"line":437,"column":8},"end":{"line":437,"column":15}},"252":{"start":{"line":441,"column":4},"end":{"line":449,"column":7}},"253":{"start":{"line":442,"column":25},"end":{"line":442,"column":132}},"254":{"start":{"line":443,"column":6},"end":{"line":448,"column":9}},"255":{"start":{"line":446,"column":8},"end":{"line":446,"column":57}},"256":{"start":{"line":447,"column":8},"end":{"line":447,"column":15}},"257":{"start":{"line":451,"column":4},"end":{"line":458,"column":7}},"258":{"start":{"line":453,"column":6},"end":{"line":453,"column":48}},"259":{"start":{"line":454,"column":6},"end":{"line":457,"column":9}},"260":{"start":{"line":455,"column":8},"end":{"line":455,"column":57}},"261":{"start":{"line":456,"column":8},"end":{"line":456,"column":15}},"262":{"start":{"line":460,"column":4},"end":{"line":467,"column":7}},"263":{"start":{"line":461,"column":6},"end":{"line":466,"column":9}},"264":{"start":{"line":464,"column":8},"end":{"line":464,"column":57}},"265":{"start":{"line":465,"column":8},"end":{"line":465,"column":15}},"266":{"start":{"line":469,"column":4},"end":{"line":476,"column":7}},"267":{"start":{"line":470,"column":6},"end":{"line":475,"column":9}},"268":{"start":{"line":473,"column":8},"end":{"line":473,"column":57}},"269":{"start":{"line":474,"column":8},"end":{"line":474,"column":15}},"270":{"start":{"line":478,"column":4},"end":{"line":486,"column":7}},"271":{"start":{"line":479,"column":6},"end":{"line":485,"column":9}},"272":{"start":{"line":482,"column":8},"end":{"line":482,"column":57}},"273":{"start":{"line":483,"column":8},"end":{"line":483,"column":88}},"274":{"start":{"line":484,"column":8},"end":{"line":484,"column":15}},"275":{"start":{"line":488,"column":4},"end":{"line":496,"column":7}},"276":{"start":{"line":489,"column":6},"end":{"line":495,"column":9}},"277":{"start":{"line":493,"column":8},"end":{"line":493,"column":57}},"278":{"start":{"line":494,"column":8},"end":{"line":494,"column":15}},"279":{"start":{"line":498,"column":4},"end":{"line":507,"column":7}},"280":{"start":{"line":499,"column":6},"end":{"line":506,"column":9}},"281":{"start":{"line":503,"column":8},"end":{"line":503,"column":57}},"282":{"start":{"line":504,"column":8},"end":{"line":504,"column":76}},"283":{"start":{"line":505,"column":8},"end":{"line":505,"column":15}},"284":{"start":{"line":509,"column":4},"end":{"line":518,"column":7}},"285":{"start":{"line":511,"column":6},"end":{"line":511,"column":58}},"286":{"start":{"line":512,"column":6},"end":{"line":517,"column":9}},"287":{"start":{"line":515,"column":8},"end":{"line":515,"column":57}},"288":{"start":{"line":516,"column":8},"end":{"line":516,"column":15}},"289":{"start":{"line":520,"column":4},"end":{"line":531,"column":7}},"290":{"start":{"line":521,"column":6},"end":{"line":530,"column":9}},"291":{"start":{"line":525,"column":8},"end":{"line":525,"column":57}},"292":{"start":{"line":528,"column":8},"end":{"line":528,"column":53}},"293":{"start":{"line":529,"column":8},"end":{"line":529,"column":15}},"294":{"start":{"line":533,"column":4},"end":{"line":539,"column":7}},"295":{"start":{"line":534,"column":6},"end":{"line":538,"column":9}},"296":{"start":{"line":535,"column":8},"end":{"line":535,"column":57}},"297":{"start":{"line":536,"column":8},"end":{"line":536,"column":88}},"298":{"start":{"line":537,"column":8},"end":{"line":537,"column":15}},"299":{"start":{"line":542,"column":2},"end":{"line":573,"column":5}},"300":{"start":{"line":543,"column":25},"end":{"line":543,"column":67}},"301":{"start":{"line":544,"column":4},"end":{"line":550,"column":7}},"302":{"start":{"line":545,"column":6},"end":{"line":549,"column":9}},"303":{"start":{"line":546,"column":8},"end":{"line":546,"column":57}},"304":{"start":{"line":547,"column":8},"end":{"line":547,"column":49}},"305":{"start":{"line":548,"column":8},"end":{"line":548,"column":15}},"306":{"start":{"line":552,"column":4},"end":{"line":558,"column":7}},"307":{"start":{"line":553,"column":6},"end":{"line":557,"column":9}},"308":{"start":{"line":554,"column":8},"end":{"line":554,"column":57}},"309":{"start":{"line":555,"column":8},"end":{"line":555,"column":88}},"310":{"start":{"line":556,"column":8},"end":{"line":556,"column":15}},"311":{"start":{"line":560,"column":4},"end":{"line":565,"column":7}},"312":{"start":{"line":561,"column":6},"end":{"line":564,"column":9}},"313":{"start":{"line":562,"column":8},"end":{"line":562,"column":57}},"314":{"start":{"line":563,"column":8},"end":{"line":563,"column":15}},"315":{"start":{"line":567,"column":4},"end":{"line":572,"column":7}},"316":{"start":{"line":568,"column":6},"end":{"line":571,"column":9}},"317":{"start":{"line":569,"column":8},"end":{"line":569,"column":57}},"318":{"start":{"line":570,"column":8},"end":{"line":570,"column":15}},"319":{"start":{"line":575,"column":2},"end":{"line":619,"column":5}},"320":{"start":{"line":576,"column":27},"end":{"line":576,"column":81}},"321":{"start":{"line":577,"column":4},"end":{"line":583,"column":7}},"322":{"start":{"line":578,"column":6},"end":{"line":582,"column":9}},"323":{"start":{"line":579,"column":8},"end":{"line":579,"column":59}},"324":{"start":{"line":580,"column":8},"end":{"line":580,"column":51}},"325":{"start":{"line":581,"column":8},"end":{"line":581,"column":15}},"326":{"start":{"line":585,"column":4},"end":{"line":590,"column":7}},"327":{"start":{"line":586,"column":6},"end":{"line":589,"column":9}},"328":{"start":{"line":587,"column":8},"end":{"line":587,"column":57}},"329":{"start":{"line":588,"column":8},"end":{"line":588,"column":15}},"330":{"start":{"line":592,"column":4},"end":{"line":597,"column":7}},"331":{"start":{"line":593,"column":6},"end":{"line":596,"column":9}},"332":{"start":{"line":594,"column":8},"end":{"line":594,"column":57}},"333":{"start":{"line":595,"column":8},"end":{"line":595,"column":15}},"334":{"start":{"line":599,"column":4},"end":{"line":604,"column":7}},"335":{"start":{"line":600,"column":6},"end":{"line":603,"column":9}},"336":{"start":{"line":601,"column":8},"end":{"line":601,"column":57}},"337":{"start":{"line":602,"column":8},"end":{"line":602,"column":15}},"338":{"start":{"line":606,"column":4},"end":{"line":611,"column":7}},"339":{"start":{"line":607,"column":6},"end":{"line":610,"column":9}},"340":{"start":{"line":608,"column":8},"end":{"line":608,"column":57}},"341":{"start":{"line":609,"column":8},"end":{"line":609,"column":15}},"342":{"start":{"line":613,"column":4},"end":{"line":618,"column":7}},"343":{"start":{"line":614,"column":6},"end":{"line":617,"column":9}},"344":{"start":{"line":615,"column":8},"end":{"line":615,"column":57}},"345":{"start":{"line":616,"column":8},"end":{"line":616,"column":15}}},"fnMap":{"0":{"name":"_interopRequireDefault","decl":{"start":{"line":25,"column":9},"end":{"line":25,"column":31}},"loc":{"start":{"line":25,"column":37},"end":{"line":25,"column":95}},"line":25},"1":{"name":"(anonymous_1)","decl":{"start":{"line":34,"column":19},"end":{"line":34,"column":20}},"loc":{"start":{"line":34,"column":31},"end":{"line":620,"column":1}},"line":34},"2":{"name":"(anonymous_2)","decl":{"start":{"line":35,"column":9},"end":{"line":35,"column":10}},"loc":{"start":{"line":35,"column":25},"end":{"line":45,"column":3}},"line":35},"3":{"name":"(anonymous_3)","decl":{"start":{"line":36,"column":37},"end":{"line":36,"column":38}},"loc":{"start":{"line":36,"column":49},"end":{"line":44,"column":5}},"line":36},"4":{"name":"(anonymous_4)","decl":{"start":{"line":38,"column":50},"end":{"line":38,"column":51}},"loc":{"start":{"line":38,"column":77},"end":{"line":43,"column":7}},"line":38},"5":{"name":"(anonymous_5)","decl":{"start":{"line":47,"column":8},"end":{"line":47,"column":9}},"loc":{"start":{"line":47,"column":24},"end":{"line":51,"column":3}},"line":47},"6":{"name":"(anonymous_6)","decl":{"start":{"line":48,"column":58},"end":{"line":48,"column":59}},"loc":{"start":{"line":48,"column":70},"end":{"line":50,"column":5}},"line":48},"7":{"name":"(anonymous_7)","decl":{"start":{"line":53,"column":26},"end":{"line":53,"column":27}},"loc":{"start":{"line":53,"column":38},"end":{"line":139,"column":3}},"line":53},"8":{"name":"(anonymous_8)","decl":{"start":{"line":55,"column":87},"end":{"line":55,"column":88}},"loc":{"start":{"line":55,"column":103},"end":{"line":60,"column":5}},"line":55},"9":{"name":"(anonymous_9)","decl":{"start":{"line":56,"column":54},"end":{"line":56,"column":55}},"loc":{"start":{"line":56,"column":81},"end":{"line":59,"column":7}},"line":56},"10":{"name":"(anonymous_10)","decl":{"start":{"line":62,"column":93},"end":{"line":62,"column":94}},"loc":{"start":{"line":62,"column":109},"end":{"line":70,"column":5}},"line":62},"11":{"name":"(anonymous_11)","decl":{"start":{"line":65,"column":54},"end":{"line":65,"column":55}},"loc":{"start":{"line":65,"column":81},"end":{"line":69,"column":7}},"line":65},"12":{"name":"(anonymous_12)","decl":{"start":{"line":72,"column":76},"end":{"line":72,"column":77}},"loc":{"start":{"line":72,"column":92},"end":{"line":77,"column":5}},"line":72},"13":{"name":"(anonymous_13)","decl":{"start":{"line":73,"column":53},"end":{"line":73,"column":54}},"loc":{"start":{"line":73,"column":80},"end":{"line":76,"column":7}},"line":73},"14":{"name":"(anonymous_14)","decl":{"start":{"line":79,"column":74},"end":{"line":79,"column":75}},"loc":{"start":{"line":79,"column":90},"end":{"line":85,"column":5}},"line":79},"15":{"name":"(anonymous_15)","decl":{"start":{"line":80,"column":81},"end":{"line":80,"column":82}},"loc":{"start":{"line":80,"column":108},"end":{"line":84,"column":7}},"line":80},"16":{"name":"(anonymous_16)","decl":{"start":{"line":87,"column":65},"end":{"line":87,"column":66}},"loc":{"start":{"line":87,"column":81},"end":{"line":95,"column":5}},"line":87},"17":{"name":"(anonymous_17)","decl":{"start":{"line":90,"column":43},"end":{"line":90,"column":44}},"loc":{"start":{"line":90,"column":70},"end":{"line":94,"column":7}},"line":90},"18":{"name":"(anonymous_18)","decl":{"start":{"line":97,"column":67},"end":{"line":97,"column":68}},"loc":{"start":{"line":97,"column":83},"end":{"line":106,"column":5}},"line":97},"19":{"name":"(anonymous_19)","decl":{"start":{"line":98,"column":81},"end":{"line":98,"column":82}},"loc":{"start":{"line":98,"column":108},"end":{"line":105,"column":7}},"line":98},"20":{"name":"(anonymous_20)","decl":{"start":{"line":108,"column":77},"end":{"line":108,"column":78}},"loc":{"start":{"line":108,"column":93},"end":{"line":114,"column":5}},"line":108},"21":{"name":"(anonymous_21)","decl":{"start":{"line":110,"column":50},"end":{"line":110,"column":51}},"loc":{"start":{"line":110,"column":77},"end":{"line":113,"column":7}},"line":110},"22":{"name":"(anonymous_22)","decl":{"start":{"line":116,"column":88},"end":{"line":116,"column":89}},"loc":{"start":{"line":116,"column":104},"end":{"line":121,"column":5}},"line":116},"23":{"name":"(anonymous_23)","decl":{"start":{"line":117,"column":80},"end":{"line":117,"column":81}},"loc":{"start":{"line":117,"column":107},"end":{"line":120,"column":7}},"line":117},"24":{"name":"(anonymous_24)","decl":{"start":{"line":123,"column":77},"end":{"line":123,"column":78}},"loc":{"start":{"line":123,"column":93},"end":{"line":131,"column":5}},"line":123},"25":{"name":"(anonymous_25)","decl":{"start":{"line":126,"column":46},"end":{"line":126,"column":47}},"loc":{"start":{"line":126,"column":73},"end":{"line":130,"column":7}},"line":126},"26":{"name":"(anonymous_26)","decl":{"start":{"line":133,"column":115},"end":{"line":133,"column":116}},"loc":{"start":{"line":133,"column":131},"end":{"line":138,"column":5}},"line":133},"27":{"name":"(anonymous_27)","decl":{"start":{"line":134,"column":82},"end":{"line":134,"column":83}},"loc":{"start":{"line":134,"column":109},"end":{"line":137,"column":7}},"line":134},"28":{"name":"(anonymous_28)","decl":{"start":{"line":141,"column":21},"end":{"line":141,"column":22}},"loc":{"start":{"line":141,"column":33},"end":{"line":248,"column":3}},"line":141},"29":{"name":"(anonymous_29)","decl":{"start":{"line":142,"column":66},"end":{"line":142,"column":67}},"loc":{"start":{"line":142,"column":82},"end":{"line":150,"column":5}},"line":142},"30":{"name":"(anonymous_30)","decl":{"start":{"line":146,"column":13},"end":{"line":146,"column":14}},"loc":{"start":{"line":146,"column":40},"end":{"line":149,"column":7}},"line":146},"31":{"name":"(anonymous_31)","decl":{"start":{"line":152,"column":61},"end":{"line":152,"column":62}},"loc":{"start":{"line":152,"column":77},"end":{"line":163,"column":5}},"line":152},"32":{"name":"(anonymous_32)","decl":{"start":{"line":156,"column":13},"end":{"line":156,"column":14}},"loc":{"start":{"line":156,"column":40},"end":{"line":162,"column":7}},"line":156},"33":{"name":"(anonymous_33)","decl":{"start":{"line":165,"column":67},"end":{"line":165,"column":68}},"loc":{"start":{"line":165,"column":83},"end":{"line":173,"column":5}},"line":165},"34":{"name":"(anonymous_34)","decl":{"start":{"line":169,"column":13},"end":{"line":169,"column":14}},"loc":{"start":{"line":169,"column":40},"end":{"line":172,"column":7}},"line":169},"35":{"name":"(anonymous_35)","decl":{"start":{"line":175,"column":60},"end":{"line":175,"column":61}},"loc":{"start":{"line":175,"column":76},"end":{"line":184,"column":5}},"line":175},"36":{"name":"(anonymous_36)","decl":{"start":{"line":179,"column":13},"end":{"line":179,"column":14}},"loc":{"start":{"line":179,"column":40},"end":{"line":183,"column":7}},"line":179},"37":{"name":"(anonymous_37)","decl":{"start":{"line":186,"column":71},"end":{"line":186,"column":72}},"loc":{"start":{"line":186,"column":87},"end":{"line":206,"column":5}},"line":186},"38":{"name":"(anonymous_38)","decl":{"start":{"line":190,"column":13},"end":{"line":190,"column":14}},"loc":{"start":{"line":190,"column":40},"end":{"line":205,"column":7}},"line":190},"39":{"name":"(anonymous_39)","decl":{"start":{"line":208,"column":56},"end":{"line":208,"column":57}},"loc":{"start":{"line":208,"column":72},"end":{"line":218,"column":5}},"line":208},"40":{"name":"(anonymous_40)","decl":{"start":{"line":212,"column":13},"end":{"line":212,"column":14}},"loc":{"start":{"line":212,"column":40},"end":{"line":217,"column":7}},"line":212},"41":{"name":"(anonymous_41)","decl":{"start":{"line":220,"column":64},"end":{"line":220,"column":65}},"loc":{"start":{"line":220,"column":80},"end":{"line":229,"column":5}},"line":220},"42":{"name":"(anonymous_42)","decl":{"start":{"line":225,"column":13},"end":{"line":225,"column":14}},"loc":{"start":{"line":225,"column":40},"end":{"line":228,"column":7}},"line":225},"43":{"name":"(anonymous_43)","decl":{"start":{"line":231,"column":58},"end":{"line":231,"column":59}},"loc":{"start":{"line":231,"column":74},"end":{"line":238,"column":5}},"line":231},"44":{"name":"(anonymous_44)","decl":{"start":{"line":234,"column":13},"end":{"line":234,"column":14}},"loc":{"start":{"line":234,"column":40},"end":{"line":237,"column":7}},"line":234},"45":{"name":"(anonymous_45)","decl":{"start":{"line":240,"column":61},"end":{"line":240,"column":62}},"loc":{"start":{"line":240,"column":77},"end":{"line":247,"column":5}},"line":240},"46":{"name":"(anonymous_46)","decl":{"start":{"line":243,"column":13},"end":{"line":243,"column":14}},"loc":{"start":{"line":243,"column":40},"end":{"line":246,"column":7}},"line":243},"47":{"name":"(anonymous_47)","decl":{"start":{"line":250,"column":21},"end":{"line":250,"column":22}},"loc":{"start":{"line":250,"column":33},"end":{"line":274,"column":3}},"line":250},"48":{"name":"(anonymous_48)","decl":{"start":{"line":252,"column":11},"end":{"line":252,"column":12}},"loc":{"start":{"line":252,"column":27},"end":{"line":258,"column":5}},"line":252},"49":{"name":"(anonymous_49)","decl":{"start":{"line":253,"column":53},"end":{"line":253,"column":54}},"loc":{"start":{"line":253,"column":80},"end":{"line":257,"column":7}},"line":253},"50":{"name":"(anonymous_50)","decl":{"start":{"line":260,"column":69},"end":{"line":260,"column":70}},"loc":{"start":{"line":260,"column":85},"end":{"line":265,"column":5}},"line":260},"51":{"name":"(anonymous_51)","decl":{"start":{"line":261,"column":79},"end":{"line":261,"column":80}},"loc":{"start":{"line":261,"column":106},"end":{"line":264,"column":7}},"line":261},"52":{"name":"(anonymous_52)","decl":{"start":{"line":267,"column":71},"end":{"line":267,"column":72}},"loc":{"start":{"line":267,"column":87},"end":{"line":273,"column":5}},"line":267},"53":{"name":"(anonymous_53)","decl":{"start":{"line":268,"column":83},"end":{"line":268,"column":84}},"loc":{"start":{"line":268,"column":110},"end":{"line":272,"column":7}},"line":268},"54":{"name":"(anonymous_54)","decl":{"start":{"line":276,"column":25},"end":{"line":276,"column":26}},"loc":{"start":{"line":276,"column":37},"end":{"line":335,"column":3}},"line":276},"55":{"name":"(anonymous_55)","decl":{"start":{"line":277,"column":81},"end":{"line":277,"column":82}},"loc":{"start":{"line":277,"column":97},"end":{"line":283,"column":5}},"line":277},"56":{"name":"(anonymous_56)","decl":{"start":{"line":278,"column":71},"end":{"line":278,"column":72}},"loc":{"start":{"line":278,"column":98},"end":{"line":282,"column":7}},"line":278},"57":{"name":"(anonymous_57)","decl":{"start":{"line":285,"column":65},"end":{"line":285,"column":66}},"loc":{"start":{"line":285,"column":81},"end":{"line":291,"column":5}},"line":285},"58":{"name":"(anonymous_58)","decl":{"start":{"line":286,"column":69},"end":{"line":286,"column":70}},"loc":{"start":{"line":286,"column":96},"end":{"line":290,"column":7}},"line":286},"59":{"name":"(anonymous_59)","decl":{"start":{"line":293,"column":64},"end":{"line":293,"column":65}},"loc":{"start":{"line":293,"column":80},"end":{"line":298,"column":5}},"line":293},"60":{"name":"(anonymous_60)","decl":{"start":{"line":294,"column":31},"end":{"line":294,"column":32}},"loc":{"start":{"line":294,"column":58},"end":{"line":297,"column":7}},"line":294},"61":{"name":"(anonymous_61)","decl":{"start":{"line":300,"column":61},"end":{"line":300,"column":62}},"loc":{"start":{"line":300,"column":77},"end":{"line":307,"column":5}},"line":300},"62":{"name":"(anonymous_62)","decl":{"start":{"line":302,"column":97},"end":{"line":302,"column":98}},"loc":{"start":{"line":302,"column":124},"end":{"line":306,"column":7}},"line":302},"63":{"name":"(anonymous_63)","decl":{"start":{"line":309,"column":62},"end":{"line":309,"column":63}},"loc":{"start":{"line":309,"column":78},"end":{"line":316,"column":5}},"line":309},"64":{"name":"(anonymous_64)","decl":{"start":{"line":311,"column":97},"end":{"line":311,"column":98}},"loc":{"start":{"line":311,"column":124},"end":{"line":315,"column":7}},"line":311},"65":{"name":"(anonymous_65)","decl":{"start":{"line":318,"column":60},"end":{"line":318,"column":61}},"loc":{"start":{"line":318,"column":76},"end":{"line":325,"column":5}},"line":318},"66":{"name":"(anonymous_66)","decl":{"start":{"line":320,"column":95},"end":{"line":320,"column":96}},"loc":{"start":{"line":320,"column":122},"end":{"line":324,"column":7}},"line":320},"67":{"name":"(anonymous_67)","decl":{"start":{"line":327,"column":61},"end":{"line":327,"column":62}},"loc":{"start":{"line":327,"column":77},"end":{"line":334,"column":5}},"line":327},"68":{"name":"(anonymous_68)","decl":{"start":{"line":329,"column":95},"end":{"line":329,"column":96}},"loc":{"start":{"line":329,"column":122},"end":{"line":333,"column":7}},"line":329},"69":{"name":"(anonymous_69)","decl":{"start":{"line":337,"column":23},"end":{"line":337,"column":24}},"loc":{"start":{"line":337,"column":35},"end":{"line":377,"column":3}},"line":337},"70":{"name":"(anonymous_70)","decl":{"start":{"line":338,"column":75},"end":{"line":338,"column":76}},"loc":{"start":{"line":338,"column":91},"end":{"line":344,"column":5}},"line":338},"71":{"name":"(anonymous_71)","decl":{"start":{"line":339,"column":94},"end":{"line":339,"column":95}},"loc":{"start":{"line":339,"column":121},"end":{"line":343,"column":7}},"line":339},"72":{"name":"(anonymous_72)","decl":{"start":{"line":346,"column":73},"end":{"line":346,"column":74}},"loc":{"start":{"line":346,"column":89},"end":{"line":352,"column":5}},"line":346},"73":{"name":"(anonymous_73)","decl":{"start":{"line":347,"column":86},"end":{"line":347,"column":87}},"loc":{"start":{"line":347,"column":113},"end":{"line":351,"column":7}},"line":347},"74":{"name":"(anonymous_74)","decl":{"start":{"line":354,"column":103},"end":{"line":354,"column":104}},"loc":{"start":{"line":354,"column":119},"end":{"line":360,"column":5}},"line":354},"75":{"name":"(anonymous_75)","decl":{"start":{"line":355,"column":73},"end":{"line":355,"column":74}},"loc":{"start":{"line":355,"column":100},"end":{"line":359,"column":7}},"line":355},"76":{"name":"(anonymous_76)","decl":{"start":{"line":362,"column":108},"end":{"line":362,"column":109}},"loc":{"start":{"line":362,"column":124},"end":{"line":368,"column":5}},"line":362},"77":{"name":"(anonymous_77)","decl":{"start":{"line":363,"column":73},"end":{"line":363,"column":74}},"loc":{"start":{"line":363,"column":100},"end":{"line":367,"column":7}},"line":363},"78":{"name":"(anonymous_78)","decl":{"start":{"line":370,"column":62},"end":{"line":370,"column":63}},"loc":{"start":{"line":370,"column":78},"end":{"line":376,"column":5}},"line":370},"79":{"name":"(anonymous_79)","decl":{"start":{"line":371,"column":33},"end":{"line":371,"column":34}},"loc":{"start":{"line":371,"column":60},"end":{"line":375,"column":7}},"line":371},"80":{"name":"(anonymous_80)","decl":{"start":{"line":379,"column":28},"end":{"line":379,"column":29}},"loc":{"start":{"line":379,"column":40},"end":{"line":414,"column":3}},"line":379},"81":{"name":"(anonymous_81)","decl":{"start":{"line":380,"column":47},"end":{"line":380,"column":48}},"loc":{"start":{"line":380,"column":63},"end":{"line":387,"column":5}},"line":380},"82":{"name":"(anonymous_82)","decl":{"start":{"line":382,"column":90},"end":{"line":382,"column":91}},"loc":{"start":{"line":382,"column":117},"end":{"line":386,"column":7}},"line":382},"83":{"name":"(anonymous_83)","decl":{"start":{"line":389,"column":46},"end":{"line":389,"column":47}},"loc":{"start":{"line":389,"column":62},"end":{"line":396,"column":5}},"line":389},"84":{"name":"(anonymous_84)","decl":{"start":{"line":391,"column":90},"end":{"line":391,"column":91}},"loc":{"start":{"line":391,"column":117},"end":{"line":395,"column":7}},"line":391},"85":{"name":"(anonymous_85)","decl":{"start":{"line":398,"column":43},"end":{"line":398,"column":44}},"loc":{"start":{"line":398,"column":59},"end":{"line":405,"column":5}},"line":398},"86":{"name":"(anonymous_86)","decl":{"start":{"line":400,"column":90},"end":{"line":400,"column":91}},"loc":{"start":{"line":400,"column":117},"end":{"line":404,"column":7}},"line":400},"87":{"name":"(anonymous_87)","decl":{"start":{"line":407,"column":74},"end":{"line":407,"column":75}},"loc":{"start":{"line":407,"column":90},"end":{"line":413,"column":5}},"line":407},"88":{"name":"(anonymous_88)","decl":{"start":{"line":409,"column":90},"end":{"line":409,"column":91}},"loc":{"start":{"line":409,"column":117},"end":{"line":412,"column":7}},"line":409},"89":{"name":"(anonymous_89)","decl":{"start":{"line":416,"column":28},"end":{"line":416,"column":29}},"loc":{"start":{"line":416,"column":40},"end":{"line":540,"column":3}},"line":416},"90":{"name":"(anonymous_90)","decl":{"start":{"line":417,"column":53},"end":{"line":417,"column":54}},"loc":{"start":{"line":417,"column":69},"end":{"line":422,"column":5}},"line":417},"91":{"name":"(anonymous_91)","decl":{"start":{"line":418,"column":132},"end":{"line":418,"column":133}},"loc":{"start":{"line":418,"column":159},"end":{"line":421,"column":7}},"line":418},"92":{"name":"(anonymous_92)","decl":{"start":{"line":424,"column":65},"end":{"line":424,"column":66}},"loc":{"start":{"line":424,"column":81},"end":{"line":429,"column":5}},"line":424},"93":{"name":"(anonymous_93)","decl":{"start":{"line":425,"column":129},"end":{"line":425,"column":130}},"loc":{"start":{"line":425,"column":156},"end":{"line":428,"column":7}},"line":425},"94":{"name":"(anonymous_94)","decl":{"start":{"line":431,"column":126},"end":{"line":431,"column":127}},"loc":{"start":{"line":431,"column":142},"end":{"line":439,"column":5}},"line":431},"95":{"name":"(anonymous_95)","decl":{"start":{"line":435,"column":53},"end":{"line":435,"column":54}},"loc":{"start":{"line":435,"column":80},"end":{"line":438,"column":7}},"line":435},"96":{"name":"(anonymous_96)","decl":{"start":{"line":441,"column":120},"end":{"line":441,"column":121}},"loc":{"start":{"line":441,"column":136},"end":{"line":449,"column":5}},"line":441},"97":{"name":"(anonymous_97)","decl":{"start":{"line":445,"column":53},"end":{"line":445,"column":54}},"loc":{"start":{"line":445,"column":80},"end":{"line":448,"column":7}},"line":445},"98":{"name":"(anonymous_98)","decl":{"start":{"line":451,"column":134},"end":{"line":451,"column":135}},"loc":{"start":{"line":451,"column":150},"end":{"line":458,"column":5}},"line":451},"99":{"name":"(anonymous_99)","decl":{"start":{"line":454,"column":132},"end":{"line":454,"column":133}},"loc":{"start":{"line":454,"column":159},"end":{"line":457,"column":7}},"line":454},"100":{"name":"(anonymous_100)","decl":{"start":{"line":460,"column":66},"end":{"line":460,"column":67}},"loc":{"start":{"line":460,"column":82},"end":{"line":467,"column":5}},"line":460},"101":{"name":"(anonymous_101)","decl":{"start":{"line":463,"column":53},"end":{"line":463,"column":54}},"loc":{"start":{"line":463,"column":80},"end":{"line":466,"column":7}},"line":463},"102":{"name":"(anonymous_102)","decl":{"start":{"line":469,"column":48},"end":{"line":469,"column":49}},"loc":{"start":{"line":469,"column":64},"end":{"line":476,"column":5}},"line":469},"103":{"name":"(anonymous_103)","decl":{"start":{"line":472,"column":53},"end":{"line":472,"column":54}},"loc":{"start":{"line":472,"column":80},"end":{"line":475,"column":7}},"line":472},"104":{"name":"(anonymous_104)","decl":{"start":{"line":478,"column":51},"end":{"line":478,"column":52}},"loc":{"start":{"line":478,"column":67},"end":{"line":486,"column":5}},"line":478},"105":{"name":"(anonymous_105)","decl":{"start":{"line":481,"column":53},"end":{"line":481,"column":54}},"loc":{"start":{"line":481,"column":80},"end":{"line":485,"column":7}},"line":481},"106":{"name":"(anonymous_106)","decl":{"start":{"line":488,"column":62},"end":{"line":488,"column":63}},"loc":{"start":{"line":488,"column":78},"end":{"line":496,"column":5}},"line":488},"107":{"name":"(anonymous_107)","decl":{"start":{"line":492,"column":13},"end":{"line":492,"column":14}},"loc":{"start":{"line":492,"column":40},"end":{"line":495,"column":7}},"line":492},"108":{"name":"(anonymous_108)","decl":{"start":{"line":498,"column":62},"end":{"line":498,"column":63}},"loc":{"start":{"line":498,"column":78},"end":{"line":507,"column":5}},"line":498},"109":{"name":"(anonymous_109)","decl":{"start":{"line":502,"column":13},"end":{"line":502,"column":14}},"loc":{"start":{"line":502,"column":40},"end":{"line":506,"column":7}},"line":502},"110":{"name":"(anonymous_110)","decl":{"start":{"line":509,"column":71},"end":{"line":509,"column":72}},"loc":{"start":{"line":509,"column":87},"end":{"line":518,"column":5}},"line":509},"111":{"name":"(anonymous_111)","decl":{"start":{"line":514,"column":51},"end":{"line":514,"column":52}},"loc":{"start":{"line":514,"column":78},"end":{"line":517,"column":7}},"line":514},"112":{"name":"(anonymous_112)","decl":{"start":{"line":520,"column":78},"end":{"line":520,"column":79}},"loc":{"start":{"line":520,"column":94},"end":{"line":531,"column":5}},"line":520},"113":{"name":"(anonymous_113)","decl":{"start":{"line":524,"column":13},"end":{"line":524,"column":14}},"loc":{"start":{"line":524,"column":40},"end":{"line":530,"column":7}},"line":524},"114":{"name":"(anonymous_114)","decl":{"start":{"line":533,"column":75},"end":{"line":533,"column":76}},"loc":{"start":{"line":533,"column":91},"end":{"line":539,"column":5}},"line":533},"115":{"name":"(anonymous_115)","decl":{"start":{"line":534,"column":117},"end":{"line":534,"column":118}},"loc":{"start":{"line":534,"column":144},"end":{"line":538,"column":7}},"line":534},"116":{"name":"(anonymous_116)","decl":{"start":{"line":542,"column":21},"end":{"line":542,"column":22}},"loc":{"start":{"line":542,"column":33},"end":{"line":573,"column":3}},"line":542},"117":{"name":"(anonymous_117)","decl":{"start":{"line":544,"column":11},"end":{"line":544,"column":12}},"loc":{"start":{"line":544,"column":27},"end":{"line":550,"column":5}},"line":544},"118":{"name":"(anonymous_118)","decl":{"start":{"line":545,"column":53},"end":{"line":545,"column":54}},"loc":{"start":{"line":545,"column":80},"end":{"line":549,"column":7}},"line":545},"119":{"name":"(anonymous_119)","decl":{"start":{"line":552,"column":61},"end":{"line":552,"column":62}},"loc":{"start":{"line":552,"column":77},"end":{"line":558,"column":5}},"line":552},"120":{"name":"(anonymous_120)","decl":{"start":{"line":553,"column":77},"end":{"line":553,"column":78}},"loc":{"start":{"line":553,"column":104},"end":{"line":557,"column":7}},"line":553},"121":{"name":"(anonymous_121)","decl":{"start":{"line":560,"column":70},"end":{"line":560,"column":71}},"loc":{"start":{"line":560,"column":86},"end":{"line":565,"column":5}},"line":560},"122":{"name":"(anonymous_122)","decl":{"start":{"line":561,"column":77},"end":{"line":561,"column":78}},"loc":{"start":{"line":561,"column":104},"end":{"line":564,"column":7}},"line":561},"123":{"name":"(anonymous_123)","decl":{"start":{"line":567,"column":73},"end":{"line":567,"column":74}},"loc":{"start":{"line":567,"column":89},"end":{"line":572,"column":5}},"line":567},"124":{"name":"(anonymous_124)","decl":{"start":{"line":568,"column":83},"end":{"line":568,"column":84}},"loc":{"start":{"line":568,"column":110},"end":{"line":571,"column":7}},"line":568},"125":{"name":"(anonymous_125)","decl":{"start":{"line":575,"column":26},"end":{"line":575,"column":27}},"loc":{"start":{"line":575,"column":38},"end":{"line":619,"column":3}},"line":575},"126":{"name":"(anonymous_126)","decl":{"start":{"line":577,"column":11},"end":{"line":577,"column":12}},"loc":{"start":{"line":577,"column":27},"end":{"line":583,"column":5}},"line":577},"127":{"name":"(anonymous_127)","decl":{"start":{"line":578,"column":61},"end":{"line":578,"column":62}},"loc":{"start":{"line":578,"column":88},"end":{"line":582,"column":7}},"line":578},"128":{"name":"(anonymous_128)","decl":{"start":{"line":585,"column":72},"end":{"line":585,"column":73}},"loc":{"start":{"line":585,"column":88},"end":{"line":590,"column":5}},"line":585},"129":{"name":"(anonymous_129)","decl":{"start":{"line":586,"column":97},"end":{"line":586,"column":98}},"loc":{"start":{"line":586,"column":124},"end":{"line":589,"column":7}},"line":586},"130":{"name":"(anonymous_130)","decl":{"start":{"line":592,"column":60},"end":{"line":592,"column":61}},"loc":{"start":{"line":592,"column":76},"end":{"line":597,"column":5}},"line":592},"131":{"name":"(anonymous_131)","decl":{"start":{"line":593,"column":97},"end":{"line":593,"column":98}},"loc":{"start":{"line":593,"column":124},"end":{"line":596,"column":7}},"line":593},"132":{"name":"(anonymous_132)","decl":{"start":{"line":599,"column":83},"end":{"line":599,"column":84}},"loc":{"start":{"line":599,"column":99},"end":{"line":604,"column":5}},"line":599},"133":{"name":"(anonymous_133)","decl":{"start":{"line":600,"column":107},"end":{"line":600,"column":108}},"loc":{"start":{"line":600,"column":134},"end":{"line":603,"column":7}},"line":600},"134":{"name":"(anonymous_134)","decl":{"start":{"line":606,"column":50},"end":{"line":606,"column":51}},"loc":{"start":{"line":606,"column":66},"end":{"line":611,"column":5}},"line":606},"135":{"name":"(anonymous_135)","decl":{"start":{"line":607,"column":85},"end":{"line":607,"column":86}},"loc":{"start":{"line":607,"column":112},"end":{"line":610,"column":7}},"line":607},"136":{"name":"(anonymous_136)","decl":{"start":{"line":613,"column":56},"end":{"line":613,"column":57}},"loc":{"start":{"line":613,"column":72},"end":{"line":618,"column":5}},"line":613},"137":{"name":"(anonymous_137)","decl":{"start":{"line":614,"column":81},"end":{"line":614,"column":82}},"loc":{"start":{"line":614,"column":108},"end":{"line":617,"column":7}},"line":614}},"branchMap":{"0":{"loc":{"start":{"line":25,"column":46},"end":{"line":25,"column":92}},"type":"cond-expr","locations":[{"start":{"line":25,"column":70},"end":{"line":25,"column":73}},{"start":{"line":25,"column":76},"end":{"line":25,"column":92}}],"line":25},"1":{"loc":{"start":{"line":25,"column":46},"end":{"line":25,"column":67}},"type":"binary-expr","locations":[{"start":{"line":25,"column":46},"end":{"line":25,"column":49}},{"start":{"line":25,"column":53},"end":{"line":25,"column":67}}],"line":25}},"s":{"0":1,"1":1,"2":1,"3":1,"4":1,"5":1,"6":1,"7":1,"8":1,"9":1,"10":1,"11":5,"12":1,"13":1,"14":1,"15":1,"16":1,"17":1,"18":1,"19":1,"20":1,"21":1,"22":1,"23":1,"24":1,"25":1,"26":1,"27":1,"28":1,"29":1,"30":1,"31":1,"32":1,"33":1,"34":1,"35":1,"36":1,"37":1,"38":1,"39":1,"40":1,"41":1,"42":1,"43":1,"44":1,"45":1,"46":1,"47":1,"48":1,"49":1,"50":1,"51":1,"52":1,"53":1,"54":1,"55":1,"56":1,"57":1,"58":1,"59":1,"60":1,"61":1,"62":1,"63":1,"64":1,"65":1,"66":1,"67":1,"68":1,"69":1,"70":1,"71":1,"72":1,"73":1,"74":1,"75":1,"76":1,"77":1,"78":1,"79":1,"80":1,"81":1,"82":1,"83":1,"84":1,"85":1,"86":1,"87":1,"88":1,"89":1,"90":1,"91":1,"92":1,"93":1,"94":1,"95":1,"96":1,"97":1,"98":1,"99":1,"100":1,"101":1,"102":1,"103":1,"104":1,"105":1,"106":1,"107":1,"108":1,"109":1,"110":1,"111":1,"112":1,"113":1,"114":1,"115":1,"116":1,"117":1,"118":1,"119":1,"120":1,"121":1,"122":1,"123":1,"124":1,"125":1,"126":1,"127":1,"128":1,"129":1,"130":1,"131":1,"132":1,"133":1,"134":1,"135":1,"136":1,"137":1,"138":1,"139":1,"140":1,"141":1,"142":1,"143":1,"144":1,"145":1,"146":1,"147":1,"148":1,"149":1,"150":1,"151":1,"152":1,"153":1,"154":1,"155":1,"156":1,"157":1,"158":1,"159":1,"160":1,"161":1,"162":1,"163":1,"164":1,"165":1,"166":1,"167":1,"168":1,"169":1,"170":1,"171":1,"172":1,"173":1,"174":1,"175":1,"176":1,"177":1,"178":1,"179":1,"180":1,"181":1,"182":1,"183":1,"184":1,"185":1,"186":1,"187":1,"188":1,"189":1,"190":1,"191":1,"192":1,"193":1,"194":1,"195":1,"196":1,"197":1,"198":1,"199":1,"200":1,"201":1,"202":1,"203":1,"204":1,"205":1,"206":1,"207":1,"208":1,"209":1,"210":1,"211":1,"212":1,"213":1,"214":1,"215":1,"216":1,"217":1,"218":1,"219":1,"220":1,"221":1,"222":1,"223":1,"224":1,"225":1,"226":1,"227":1,"228":1,"229":1,"230":1,"231":1,"232":1,"233":1,"234":1,"235":1,"236":1,"237":1,"238":1,"239":1,"240":1,"241":1,"242":1,"243":1,"244":1,"245":1,"246":1,"247":1,"248":1,"249":1,"250":1,"251":1,"252":1,"253":1,"254":1,"255":1,"256":1,"257":1,"258":1,"259":1,"260":1,"261":1,"262":1,"263":1,"264":1,"265":1,"266":1,"267":1,"268":1,"269":1,"270":1,"271":1,"272":1,"273":1,"274":1,"275":1,"276":1,"277":1,"278":1,"279":1,"280":1,"281":1,"282":1,"283":1,"284":1,"285":1,"286":1,"287":1,"288":1,"289":1,"290":1,"291":1,"292":1,"293":1,"294":1,"295":1,"296":1,"297":1,"298":1,"299":1,"300":1,"301":1,"302":1,"303":1,"304":1,"305":1,"306":1,"307":1,"308":1,"309":1,"310":1,"311":1,"312":1,"313":1,"314":1,"315":1,"316":1,"317":1,"318":1,"319":1,"320":1,"321":1,"322":1,"323":1,"324":1,"325":1,"326":1,"327":1,"328":1,"329":1,"330":1,"331":1,"332":1,"333":1,"334":1,"335":1,"336":1,"337":1,"338":1,"339":1,"340":1,"341":1,"342":1,"343":1,"344":1,"345":1},"f":{"0":5,"1":1,"2":1,"3":1,"4":1,"5":1,"6":1,"7":1,"8":1,"9":1,"10":1,"11":1,"12":1,"13":1,"14":1,"15":1,"16":1,"17":1,"18":1,"19":1,"20":1,"21":1,"22":1,"23":1,"24":1,"25":1,"26":1,"27":1,"28":1,"29":1,"30":1,"31":1,"32":1,"33":1,"34":1,"35":1,"36":1,"37":1,"38":1,"39":1,"40":1,"41":1,"42":1,"43":1,"44":1,"45":1,"46":1,"47":1,"48":1,"49":1,"50":1,"51":1,"52":1,"53":1,"54":1,"55":1,"56":1,"57":1,"58":1,"59":1,"60":1,"61":1,"62":1,"63":1,"64":1,"65":1,"66":1,"67":1,"68":1,"69":1,"70":1,"71":1,"72":1,"73":1,"74":1,"75":1,"76":1,"77":1,"78":1,"79":1,"80":1,"81":1,"82":1,"83":1,"84":1,"85":1,"86":1,"87":1,"88":1,"89":1,"90":1,"91":1,"92":1,"93":1,"94":1,"95":1,"96":1,"97":1,"98":1,"99":1,"100":1,"101":1,"102":1,"103":1,"104":1,"105":1,"106":1,"107":1,"108":1,"109":1,"110":1,"111":1,"112":1,"113":1,"114":1,"115":1,"116":1,"117":1,"118":1,"119":1,"120":1,"121":1,"122":1,"123":1,"124":1,"125":1,"126":1,"127":1,"128":1,"129":1,"130":1,"131":1,"132":1,"133":1,"134":1,"135":1,"136":1,"137":1},"b":{"0":[3,2],"1":[5,5]},"_coverageSchema":"332fd63041d2c1bcb487cc26dd0d5f7d97098a6c","hash":"565ac89f1050ba702c95280b444f42f2a360f822","contentHash":"d081fb5df4d6ed9ab6252bbe680abb8d_11.0.2-candidate.0"},"/Users/andeladeveloper/cp/document-manager/server/models/user.js":{"path":"/Users/andeladeveloper/cp/document-manager/server/models/user.js","statementMap":{"0":{"start":{"line":3,"column":0},"end":{"line":5,"column":3}},"1":{"start":{"line":7,"column":20},"end":{"line":7,"column":44}},"2":{"start":{"line":9,"column":21},"end":{"line":9,"column":58}},"3":{"start":{"line":11,"column":39},"end":{"line":11,"column":93}},"4":{"start":{"line":13,"column":0},"end":{"line":107,"column":2}},"5":{"start":{"line":14,"column":13},"end":{"line":105,"column":4}},"6":{"start":{"line":71,"column":8},"end":{"line":71,"column":62}},"7":{"start":{"line":72,"column":8},"end":{"line":72,"column":65}},"8":{"start":{"line":82,"column":8},"end":{"line":82,"column":75}},"9":{"start":{"line":92,"column":8},"end":{"line":92,"column":110}},"10":{"start":{"line":97,"column":8},"end":{"line":97,"column":28}},"11":{"start":{"line":100,"column":8},"end":{"line":102,"column":9}},"12":{"start":{"line":101,"column":10},"end":{"line":101,"column":30}},"13":{"start":{"line":106,"column":2},"end":{"line":106,"column":14}}},"fnMap":{"0":{"name":"_interopRequireDefault","decl":{"start":{"line":11,"column":9},"end":{"line":11,"column":31}},"loc":{"start":{"line":11,"column":37},"end":{"line":11,"column":95}},"line":11},"1":{"name":"(anonymous_1)","decl":{"start":{"line":13,"column":18},"end":{"line":13,"column":19}},"loc":{"start":{"line":13,"column":50},"end":{"line":107,"column":1}},"line":13},"2":{"name":"associate","decl":{"start":{"line":70,"column":26},"end":{"line":70,"column":35}},"loc":{"start":{"line":70,"column":44},"end":{"line":73,"column":7}},"line":70},"3":{"name":"verifyPassword","decl":{"start":{"line":81,"column":31},"end":{"line":81,"column":45}},"loc":{"start":{"line":81,"column":56},"end":{"line":83,"column":7}},"line":81},"4":{"name":"hashPassword","decl":{"start":{"line":91,"column":29},"end":{"line":91,"column":41}},"loc":{"start":{"line":91,"column":44},"end":{"line":93,"column":7}},"line":91},"5":{"name":"beforeCreate","decl":{"start":{"line":96,"column":29},"end":{"line":96,"column":41}},"loc":{"start":{"line":96,"column":48},"end":{"line":98,"column":7}},"line":96},"6":{"name":"beforeUpdate","decl":{"start":{"line":99,"column":29},"end":{"line":99,"column":41}},"loc":{"start":{"line":99,"column":48},"end":{"line":103,"column":7}},"line":99}},"branchMap":{"0":{"loc":{"start":{"line":11,"column":46},"end":{"line":11,"column":92}},"type":"cond-expr","locations":[{"start":{"line":11,"column":70},"end":{"line":11,"column":73}},{"start":{"line":11,"column":76},"end":{"line":11,"column":92}}],"line":11},"1":{"loc":{"start":{"line":11,"column":46},"end":{"line":11,"column":67}},"type":"binary-expr","locations":[{"start":{"line":11,"column":46},"end":{"line":11,"column":49}},{"start":{"line":11,"column":53},"end":{"line":11,"column":67}}],"line":11},"2":{"loc":{"start":{"line":100,"column":8},"end":{"line":102,"column":9}},"type":"if","locations":[{"start":{"line":100,"column":8},"end":{"line":102,"column":9}},{"start":{"line":100,"column":8},"end":{"line":102,"column":9}}],"line":100}},"s":{"0":1,"1":1,"2":1,"3":1,"4":1,"5":1,"6":1,"7":1,"8":10,"9":22,"10":20,"11":22,"12":2,"13":1},"f":{"0":1,"1":1,"2":1,"3":10,"4":22,"5":20,"6":22},"b":{"0":[0,1],"1":[1,1],"2":[2,20]},"_coverageSchema":"332fd63041d2c1bcb487cc26dd0d5f7d97098a6c","hash":"42ab31ed037a6e4553ea753ed06ad2c0ce353e5d","contentHash":"bc6b18275eb0f475122a96aed6df4641_11.0.2-candidate.0"},"/Users/andeladeveloper/cp/document-manager/server/routes/UserRoutes.js":{"path":"/Users/andeladeveloper/cp/document-manager/server/routes/UserRoutes.js","statementMap":{"0":{"start":{"line":3,"column":0},"end":{"line":5,"column":3}},"1":{"start":{"line":7,"column":19},"end":{"line":7,"column":563}},"2":{"start":{"line":7,"column":76},"end":{"line":7,"column":347}},"3":{"start":{"line":7,"column":134},"end":{"line":7,"column":142}},"4":{"start":{"line":7,"column":144},"end":{"line":7,"column":199}},"5":{"start":{"line":7,"column":200},"end":{"line":7,"column":231}},"6":{"start":{"line":7,"column":232},"end":{"line":7,"column":286}},"7":{"start":{"line":7,"column":259},"end":{"line":7,"column":286}},"8":{"start":{"line":7,"column":287},"end":{"line":7,"column":345}},"9":{"start":{"line":7,"column":350},"end":{"line":7,"column":559}},"10":{"start":{"line":7,"column":407},"end":{"line":7,"column":475}},"11":{"start":{"line":7,"column":423},"end":{"line":7,"column":475}},"12":{"start":{"line":7,"column":476},"end":{"line":7,"column":536}},"13":{"start":{"line":7,"column":493},"end":{"line":7,"column":536}},"14":{"start":{"line":7,"column":537},"end":{"line":7,"column":556}},"15":{"start":{"line":9,"column":22},"end":{"line":9,"column":62}},"16":{"start":{"line":11,"column":23},"end":{"line":11,"column":62}},"17":{"start":{"line":13,"column":25},"end":{"line":13,"column":68}},"18":{"start":{"line":15,"column":26},"end":{"line":15,"column":68}},"19":{"start":{"line":17,"column":22},"end":{"line":17,"column":62}},"20":{"start":{"line":19,"column":23},"end":{"line":19,"column":62}},"21":{"start":{"line":21,"column":39},"end":{"line":21,"column":93}},"22":{"start":{"line":23,"column":50},"end":{"line":23,"column":151}},"23":{"start":{"line":23,"column":92},"end":{"line":23,"column":149}},"24":{"start":{"line":29,"column":17},"end":{"line":383,"column":3}},"25":{"start":{"line":31,"column":4},"end":{"line":31,"column":38}},"26":{"start":{"line":34,"column":2},"end":{"line":380,"column":6}},"27":{"start":{"line":75,"column":6},"end":{"line":75,"column":36}},"28":{"start":{"line":76,"column":6},"end":{"line":76,"column":31}},"29":{"start":{"line":77,"column":6},"end":{"line":77,"column":36}},"30":{"start":{"line":78,"column":6},"end":{"line":78,"column":36}},"31":{"start":{"line":79,"column":6},"end":{"line":79,"column":36}},"32":{"start":{"line":80,"column":6},"end":{"line":80,"column":36}},"33":{"start":{"line":81,"column":6},"end":{"line":81,"column":33}},"34":{"start":{"line":82,"column":6},"end":{"line":82,"column":34}},"35":{"start":{"line":121,"column":6},"end":{"line":121,"column":114}},"36":{"start":{"line":174,"column":6},"end":{"line":174,"column":66}},"37":{"start":{"line":187,"column":6},"end":{"line":187,"column":118}},"38":{"start":{"line":234,"column":6},"end":{"line":234,"column":118}},"39":{"start":{"line":270,"column":6},"end":{"line":270,"column":162}},"40":{"start":{"line":306,"column":6},"end":{"line":306,"column":165}},"41":{"start":{"line":342,"column":6},"end":{"line":342,"column":111}},"42":{"start":{"line":378,"column":6},"end":{"line":378,"column":109}},"43":{"start":{"line":382,"column":2},"end":{"line":382,"column":20}},"44":{"start":{"line":385,"column":0},"end":{"line":385,"column":29}}},"fnMap":{"0":{"name":"(anonymous_0)","decl":{"start":{"line":7,"column":19},"end":{"line":7,"column":20}},"loc":{"start":{"line":7,"column":31},"end":{"line":7,"column":561}},"line":7},"1":{"name":"defineProperties","decl":{"start":{"line":7,"column":42},"end":{"line":7,"column":58}},"loc":{"start":{"line":7,"column":74},"end":{"line":7,"column":349}},"line":7},"2":{"name":"(anonymous_2)","decl":{"start":{"line":7,"column":357},"end":{"line":7,"column":358}},"loc":{"start":{"line":7,"column":405},"end":{"line":7,"column":558}},"line":7},"3":{"name":"_interopRequireDefault","decl":{"start":{"line":21,"column":9},"end":{"line":21,"column":31}},"loc":{"start":{"line":21,"column":37},"end":{"line":21,"column":95}},"line":21},"4":{"name":"_classCallCheck","decl":{"start":{"line":23,"column":9},"end":{"line":23,"column":24}},"loc":{"start":{"line":23,"column":48},"end":{"line":23,"column":153}},"line":23},"5":{"name":"(anonymous_5)","decl":{"start":{"line":29,"column":17},"end":{"line":29,"column":18}},"loc":{"start":{"line":29,"column":29},"end":{"line":383,"column":1}},"line":29},"6":{"name":"UserRoutes","decl":{"start":{"line":30,"column":11},"end":{"line":30,"column":21}},"loc":{"start":{"line":30,"column":24},"end":{"line":32,"column":3}},"line":30},"7":{"name":"initializeRoutes","decl":{"start":{"line":44,"column":20},"end":{"line":44,"column":36}},"loc":{"start":{"line":44,"column":45},"end":{"line":83,"column":5}},"line":44},"8":{"name":"createUser","decl":{"start":{"line":94,"column":20},"end":{"line":94,"column":30}},"loc":{"start":{"line":94,"column":39},"end":{"line":122,"column":5}},"line":94},"9":{"name":"login","decl":{"start":{"line":133,"column":20},"end":{"line":133,"column":25}},"loc":{"start":{"line":133,"column":34},"end":{"line":175,"column":5}},"line":133},"10":{"name":"logoutUser","decl":{"start":{"line":186,"column":20},"end":{"line":186,"column":30}},"loc":{"start":{"line":186,"column":39},"end":{"line":188,"column":5}},"line":186},"11":{"name":"searchUser","decl":{"start":{"line":199,"column":20},"end":{"line":199,"column":30}},"loc":{"start":{"line":199,"column":39},"end":{"line":235,"column":5}},"line":199},"12":{"name":"updateUser","decl":{"start":{"line":246,"column":20},"end":{"line":246,"column":30}},"loc":{"start":{"line":246,"column":39},"end":{"line":271,"column":5}},"line":246},"13":{"name":"deleteUser","decl":{"start":{"line":282,"column":20},"end":{"line":282,"column":30}},"loc":{"start":{"line":282,"column":39},"end":{"line":307,"column":5}},"line":282},"14":{"name":"getUser","decl":{"start":{"line":318,"column":20},"end":{"line":318,"column":27}},"loc":{"start":{"line":318,"column":36},"end":{"line":343,"column":5}},"line":318},"15":{"name":"getUsers","decl":{"start":{"line":354,"column":20},"end":{"line":354,"column":28}},"loc":{"start":{"line":354,"column":37},"end":{"line":379,"column":5}},"line":354}},"branchMap":{"0":{"loc":{"start":{"line":7,"column":168},"end":{"line":7,"column":198}},"type":"binary-expr","locations":[{"start":{"line":7,"column":168},"end":{"line":7,"column":189}},{"start":{"line":7,"column":193},"end":{"line":7,"column":198}}],"line":7},"1":{"loc":{"start":{"line":7,"column":232},"end":{"line":7,"column":286}},"type":"if","locations":[{"start":{"line":7,"column":232},"end":{"line":7,"column":286}},{"start":{"line":7,"column":232},"end":{"line":7,"column":286}}],"line":7},"2":{"loc":{"start":{"line":7,"column":407},"end":{"line":7,"column":475}},"type":"if","locations":[{"start":{"line":7,"column":407},"end":{"line":7,"column":475}},{"start":{"line":7,"column":407},"end":{"line":7,"column":475}}],"line":7},"3":{"loc":{"start":{"line":7,"column":476},"end":{"line":7,"column":536}},"type":"if","locations":[{"start":{"line":7,"column":476},"end":{"line":7,"column":536}},{"start":{"line":7,"column":476},"end":{"line":7,"column":536}}],"line":7},"4":{"loc":{"start":{"line":21,"column":46},"end":{"line":21,"column":92}},"type":"cond-expr","locations":[{"start":{"line":21,"column":70},"end":{"line":21,"column":73}},{"start":{"line":21,"column":76},"end":{"line":21,"column":92}}],"line":21},"5":{"loc":{"start":{"line":21,"column":46},"end":{"line":21,"column":67}},"type":"binary-expr","locations":[{"start":{"line":21,"column":46},"end":{"line":21,"column":49}},{"start":{"line":21,"column":53},"end":{"line":21,"column":67}}],"line":21},"6":{"loc":{"start":{"line":23,"column":50},"end":{"line":23,"column":151}},"type":"if","locations":[{"start":{"line":23,"column":50},"end":{"line":23,"column":151}},{"start":{"line":23,"column":50},"end":{"line":23,"column":151}}],"line":23}},"s":{"0":1,"1":1,"2":1,"3":9,"4":9,"5":9,"6":9,"7":9,"8":9,"9":1,"10":1,"11":0,"12":1,"13":1,"14":1,"15":1,"16":1,"17":1,"18":1,"19":1,"20":1,"21":3,"22":0,"23":0,"24":1,"25":0,"26":1,"27":1,"28":1,"29":1,"30":1,"31":1,"32":1,"33":1,"34":1,"35":1,"36":1,"37":1,"38":1,"39":1,"40":1,"41":1,"42":1,"43":1,"44":1},"f":{"0":1,"1":1,"2":1,"3":3,"4":0,"5":1,"6":0,"7":1,"8":1,"9":1,"10":1,"11":1,"12":1,"13":1,"14":1,"15":1},"b":{"0":[9,9],"1":[9,0],"2":[0,1],"3":[1,0],"4":[3,0],"5":[3,3],"6":[0,0]},"_coverageSchema":"332fd63041d2c1bcb487cc26dd0d5f7d97098a6c","hash":"65a617984ac813836ac515f50d2f68bd2f2ca33f","contentHash":"8ce3095d7bd1f873f045c5314897564e_11.0.2-candidate.0"},"/Users/andeladeveloper/cp/document-manager/server/controllers/UserController.js":{"path":"/Users/andeladeveloper/cp/document-manager/server/controllers/UserController.js","statementMap":{"0":{"start":{"line":3,"column":0},"end":{"line":5,"column":3}},"1":{"start":{"line":7,"column":19},"end":{"line":7,"column":563}},"2":{"start":{"line":7,"column":76},"end":{"line":7,"column":347}},"3":{"start":{"line":7,"column":134},"end":{"line":7,"column":142}},"4":{"start":{"line":7,"column":144},"end":{"line":7,"column":199}},"5":{"start":{"line":7,"column":200},"end":{"line":7,"column":231}},"6":{"start":{"line":7,"column":232},"end":{"line":7,"column":286}},"7":{"start":{"line":7,"column":259},"end":{"line":7,"column":286}},"8":{"start":{"line":7,"column":287},"end":{"line":7,"column":345}},"9":{"start":{"line":7,"column":350},"end":{"line":7,"column":559}},"10":{"start":{"line":7,"column":407},"end":{"line":7,"column":475}},"11":{"start":{"line":7,"column":423},"end":{"line":7,"column":475}},"12":{"start":{"line":7,"column":476},"end":{"line":7,"column":536}},"13":{"start":{"line":7,"column":493},"end":{"line":7,"column":536}},"14":{"start":{"line":7,"column":537},"end":{"line":7,"column":556}},"15":{"start":{"line":9,"column":14},"end":{"line":9,"column":34}},"16":{"start":{"line":11,"column":25},"end":{"line":11,"column":68}},"17":{"start":{"line":13,"column":26},"end":{"line":13,"column":68}},"18":{"start":{"line":15,"column":23},"end":{"line":15,"column":60}},"19":{"start":{"line":17,"column":24},"end":{"line":17,"column":64}},"20":{"start":{"line":19,"column":20},"end":{"line":19,"column":54}},"21":{"start":{"line":21,"column":21},"end":{"line":21,"column":58}},"22":{"start":{"line":23,"column":39},"end":{"line":23,"column":93}},"23":{"start":{"line":25,"column":50},"end":{"line":25,"column":151}},"24":{"start":{"line":25,"column":92},"end":{"line":25,"column":149}},"25":{"start":{"line":30,"column":21},"end":{"line":320,"column":3}},"26":{"start":{"line":32,"column":4},"end":{"line":32,"column":42}},"27":{"start":{"line":35,"column":2},"end":{"line":317,"column":6}},"28":{"start":{"line":47,"column":6},"end":{"line":57,"column":7}},"29":{"start":{"line":48,"column":8},"end":{"line":56,"column":10}},"30":{"start":{"line":58,"column":6},"end":{"line":65,"column":8}},"31":{"start":{"line":79,"column":26},"end":{"line":81,"column":8}},"32":{"start":{"line":80,"column":8},"end":{"line":80,"column":51}},"33":{"start":{"line":82,"column":6},"end":{"line":82,"column":27}},"34":{"start":{"line":95,"column":18},"end":{"line":95,"column":36}},"35":{"start":{"line":97,"column":6},"end":{"line":116,"column":9}},"36":{"start":{"line":98,"column":8},"end":{"line":115,"column":9}},"37":{"start":{"line":99,"column":10},"end":{"line":99,"column":113}},"38":{"start":{"line":101,"column":24},"end":{"line":101,"column":36}},"39":{"start":{"line":103,"column":10},"end":{"line":103,"column":28}},"40":{"start":{"line":104,"column":10},"end":{"line":104,"column":29}},"41":{"start":{"line":105,"column":10},"end":{"line":114,"column":13}},"42":{"start":{"line":106,"column":30},"end":{"line":106,"column":84}},"43":{"start":{"line":107,"column":12},"end":{"line":111,"column":15}},"44":{"start":{"line":108,"column":32},"end":{"line":108,"column":87}},"45":{"start":{"line":109,"column":14},"end":{"line":109,"column":71}},"46":{"start":{"line":110,"column":14},"end":{"line":110,"column":71}},"47":{"start":{"line":113,"column":12},"end":{"line":113,"column":71}},"48":{"start":{"line":129,"column":26},"end":{"line":129,"column":38}},"49":{"start":{"line":130,"column":18},"end":{"line":130,"column":37}},"50":{"start":{"line":131,"column":21},"end":{"line":131,"column":43}},"51":{"start":{"line":133,"column":6},"end":{"line":156,"column":7}},"52":{"start":{"line":134,"column":8},"end":{"line":151,"column":11}},"53":{"start":{"line":135,"column":10},"end":{"line":150,"column":11}},"54":{"start":{"line":136,"column":12},"end":{"line":147,"column":13}},"55":{"start":{"line":137,"column":32},"end":{"line":137,"column":87}},"56":{"start":{"line":139,"column":14},"end":{"line":144,"column":17}},"57":{"start":{"line":141,"column":16},"end":{"line":143,"column":19}},"58":{"start":{"line":146,"column":14},"end":{"line":146,"column":89}},"59":{"start":{"line":149,"column":12},"end":{"line":149,"column":115}},"60":{"start":{"line":152,"column":13},"end":{"line":156,"column":7}},"61":{"start":{"line":153,"column":8},"end":{"line":153,"column":101}},"62":{"start":{"line":155,"column":8},"end":{"line":155,"column":104}},"63":{"start":{"line":169,"column":15},"end":{"line":169,"column":37}},"64":{"start":{"line":170,"column":6},"end":{"line":174,"column":9}},"65":{"start":{"line":171,"column":8},"end":{"line":173,"column":11}},"66":{"start":{"line":172,"column":10},"end":{"line":172,"column":98}},"67":{"start":{"line":187,"column":18},"end":{"line":187,"column":45}},"68":{"start":{"line":188,"column":19},"end":{"line":188,"column":46}},"69":{"start":{"line":189,"column":6},"end":{"line":209,"column":7}},"70":{"start":{"line":190,"column":19},"end":{"line":190,"column":46}},"71":{"start":{"line":191,"column":8},"end":{"line":204,"column":11}},"72":{"start":{"line":198,"column":10},"end":{"line":200,"column":11}},"73":{"start":{"line":199,"column":12},"end":{"line":199,"column":105}},"74":{"start":{"line":201,"column":10},"end":{"line":201,"column":61}},"75":{"start":{"line":203,"column":10},"end":{"line":203,"column":81}},"76":{"start":{"line":206,"column":8},"end":{"line":208,"column":11}},"77":{"start":{"line":221,"column":6},"end":{"line":231,"column":9}},"78":{"start":{"line":222,"column":8},"end":{"line":230,"column":9}},"79":{"start":{"line":223,"column":10},"end":{"line":227,"column":13}},"80":{"start":{"line":224,"column":12},"end":{"line":224,"column":100}},"81":{"start":{"line":226,"column":12},"end":{"line":226,"column":71}},"82":{"start":{"line":229,"column":10},"end":{"line":229,"column":54}},"83":{"start":{"line":243,"column":15},"end":{"line":243,"column":40}},"84":{"start":{"line":244,"column":6},"end":{"line":266,"column":9}},"85":{"start":{"line":245,"column":8},"end":{"line":265,"column":9}},"86":{"start":{"line":246,"column":27},"end":{"line":246,"column":38}},"87":{"start":{"line":247,"column":10},"end":{"line":260,"column":11}},"88":{"start":{"line":248,"column":12},"end":{"line":250,"column":15}},"89":{"start":{"line":252,"column":12},"end":{"line":259,"column":15}},"90":{"start":{"line":253,"column":14},"end":{"line":258,"column":15}},"91":{"start":{"line":254,"column":16},"end":{"line":254,"column":89}},"92":{"start":{"line":256,"column":16},"end":{"line":257,"column":19}},"93":{"start":{"line":262,"column":10},"end":{"line":264,"column":13}},"94":{"start":{"line":279,"column":15},"end":{"line":279,"column":40}},"95":{"start":{"line":280,"column":6},"end":{"line":289,"column":9}},"96":{"start":{"line":281,"column":8},"end":{"line":286,"column":9}},"97":{"start":{"line":282,"column":10},"end":{"line":282,"column":96}},"98":{"start":{"line":284,"column":10},"end":{"line":285,"column":13}},"99":{"start":{"line":288,"column":8},"end":{"line":288,"column":67}},"100":{"start":{"line":302,"column":18},"end":{"line":302,"column":45}},"101":{"start":{"line":303,"column":19},"end":{"line":303,"column":46}},"102":{"start":{"line":304,"column":25},"end":{"line":308,"column":7}},"103":{"start":{"line":309,"column":6},"end":{"line":315,"column":9}},"104":{"start":{"line":310,"column":8},"end":{"line":314,"column":9}},"105":{"start":{"line":311,"column":10},"end":{"line":311,"column":96}},"106":{"start":{"line":313,"column":10},"end":{"line":313,"column":54}},"107":{"start":{"line":319,"column":2},"end":{"line":319,"column":24}},"108":{"start":{"line":322,"column":0},"end":{"line":322,"column":33}}},"fnMap":{"0":{"name":"(anonymous_0)","decl":{"start":{"line":7,"column":19},"end":{"line":7,"column":20}},"loc":{"start":{"line":7,"column":31},"end":{"line":7,"column":561}},"line":7},"1":{"name":"defineProperties","decl":{"start":{"line":7,"column":42},"end":{"line":7,"column":58}},"loc":{"start":{"line":7,"column":74},"end":{"line":7,"column":349}},"line":7},"2":{"name":"(anonymous_2)","decl":{"start":{"line":7,"column":357},"end":{"line":7,"column":358}},"loc":{"start":{"line":7,"column":405},"end":{"line":7,"column":558}},"line":7},"3":{"name":"_interopRequireDefault","decl":{"start":{"line":23,"column":9},"end":{"line":23,"column":31}},"loc":{"start":{"line":23,"column":37},"end":{"line":23,"column":95}},"line":23},"4":{"name":"_classCallCheck","decl":{"start":{"line":25,"column":9},"end":{"line":25,"column":24}},"loc":{"start":{"line":25,"column":48},"end":{"line":25,"column":153}},"line":25},"5":{"name":"(anonymous_5)","decl":{"start":{"line":30,"column":21},"end":{"line":30,"column":22}},"loc":{"start":{"line":30,"column":33},"end":{"line":320,"column":1}},"line":30},"6":{"name":"UserController","decl":{"start":{"line":31,"column":11},"end":{"line":31,"column":25}},"loc":{"start":{"line":31,"column":28},"end":{"line":33,"column":3}},"line":31},"7":{"name":"getUserDetails","decl":{"start":{"line":46,"column":20},"end":{"line":46,"column":34}},"loc":{"start":{"line":46,"column":54},"end":{"line":66,"column":5}},"line":46},"8":{"name":"formatedUsers","decl":{"start":{"line":78,"column":20},"end":{"line":78,"column":33}},"loc":{"start":{"line":78,"column":41},"end":{"line":83,"column":5}},"line":78},"9":{"name":"(anonymous_9)","decl":{"start":{"line":79,"column":36},"end":{"line":79,"column":37}},"loc":{"start":{"line":79,"column":52},"end":{"line":81,"column":7}},"line":79},"10":{"name":"createUser","decl":{"start":{"line":94,"column":20},"end":{"line":94,"column":30}},"loc":{"start":{"line":94,"column":50},"end":{"line":117,"column":5}},"line":94},"11":{"name":"(anonymous_11)","decl":{"start":{"line":97,"column":61},"end":{"line":97,"column":62}},"loc":{"start":{"line":97,"column":77},"end":{"line":116,"column":7}},"line":97},"12":{"name":"(anonymous_12)","decl":{"start":{"line":105,"column":44},"end":{"line":105,"column":45}},"loc":{"start":{"line":105,"column":67},"end":{"line":112,"column":11}},"line":105},"13":{"name":"(anonymous_13)","decl":{"start":{"line":107,"column":66},"end":{"line":107,"column":67}},"loc":{"start":{"line":107,"column":78},"end":{"line":111,"column":13}},"line":107},"14":{"name":"(anonymous_14)","decl":{"start":{"line":112,"column":19},"end":{"line":112,"column":20}},"loc":{"start":{"line":112,"column":36},"end":{"line":114,"column":11}},"line":112},"15":{"name":"login","decl":{"start":{"line":128,"column":20},"end":{"line":128,"column":25}},"loc":{"start":{"line":128,"column":45},"end":{"line":157,"column":5}},"line":128},"16":{"name":"(anonymous_16)","decl":{"start":{"line":134,"column":63},"end":{"line":134,"column":64}},"loc":{"start":{"line":134,"column":87},"end":{"line":151,"column":9}},"line":134},"17":{"name":"(anonymous_17)","decl":{"start":{"line":139,"column":69},"end":{"line":139,"column":70}},"loc":{"start":{"line":139,"column":81},"end":{"line":144,"column":15}},"line":139},"18":{"name":"logoutUser","decl":{"start":{"line":168,"column":20},"end":{"line":168,"column":30}},"loc":{"start":{"line":168,"column":50},"end":{"line":175,"column":5}},"line":168},"19":{"name":"(anonymous_19)","decl":{"start":{"line":170,"column":37},"end":{"line":170,"column":38}},"loc":{"start":{"line":170,"column":53},"end":{"line":174,"column":7}},"line":170},"20":{"name":"(anonymous_20)","decl":{"start":{"line":171,"column":48},"end":{"line":171,"column":49}},"loc":{"start":{"line":171,"column":60},"end":{"line":173,"column":9}},"line":171},"21":{"name":"searchUser","decl":{"start":{"line":186,"column":20},"end":{"line":186,"column":30}},"loc":{"start":{"line":186,"column":50},"end":{"line":210,"column":5}},"line":186},"22":{"name":"(anonymous_22)","decl":{"start":{"line":197,"column":16},"end":{"line":197,"column":17}},"loc":{"start":{"line":197,"column":38},"end":{"line":202,"column":9}},"line":197},"23":{"name":"(anonymous_23)","decl":{"start":{"line":202,"column":17},"end":{"line":202,"column":18}},"loc":{"start":{"line":202,"column":34},"end":{"line":204,"column":9}},"line":202},"24":{"name":"updateUser","decl":{"start":{"line":220,"column":20},"end":{"line":220,"column":30}},"loc":{"start":{"line":220,"column":50},"end":{"line":232,"column":5}},"line":220},"25":{"name":"(anonymous_25)","decl":{"start":{"line":221,"column":52},"end":{"line":221,"column":53}},"loc":{"start":{"line":221,"column":68},"end":{"line":231,"column":7}},"line":221},"26":{"name":"(anonymous_26)","decl":{"start":{"line":223,"column":41},"end":{"line":223,"column":42}},"loc":{"start":{"line":223,"column":64},"end":{"line":225,"column":11}},"line":223},"27":{"name":"(anonymous_27)","decl":{"start":{"line":225,"column":19},"end":{"line":225,"column":20}},"loc":{"start":{"line":225,"column":36},"end":{"line":227,"column":11}},"line":225},"28":{"name":"deleteUser","decl":{"start":{"line":242,"column":20},"end":{"line":242,"column":30}},"loc":{"start":{"line":242,"column":50},"end":{"line":267,"column":5}},"line":242},"29":{"name":"(anonymous_29)","decl":{"start":{"line":244,"column":55},"end":{"line":244,"column":56}},"loc":{"start":{"line":244,"column":71},"end":{"line":266,"column":7}},"line":244},"30":{"name":"(anonymous_30)","decl":{"start":{"line":252,"column":61},"end":{"line":252,"column":62}},"loc":{"start":{"line":252,"column":89},
[...]
"5":10,"6":10,"7":10,"8":10,"9":1,"10":1,"11":0,"12":1,"13":1,"14":1,"15":1,"16":1,"17":1,"18":1,"19":1,"20":1,"21":1,"22":3,"23":0,"24":0,"25":1,"26":0,"27":1,"28":36,"29":9,"30":27,"31":5,"32":23,"33":5,"34":11,"35":11,"36":11,"37":1,"38":10,"39":10,"40":10,"41":10,"42":9,"43":9,"44":9,"45":9,"46":9,"47":1,"48":13,"49":13,"50":13,"51":13,"52":11,"53":11,"54":10,"55":8,"56":8,"57":8,"58":2,"59":1,"60":2,"61":0,"62":2,"63":3,"64":3,"65":3,"66":3,"67":4,"68":4,"69":4,"70":3,"71":3,"72":3,"73":3,"74":0,"75":0,"76":1,"77":3,"78":3,"79":2,"80":2,"81":0,"82":1,"83":3,"84":3,"85":3,"86":2,"87":2,"88":1,"89":1,"90":1,"91":1,"92":0,"93":1,"94":4,"95":4,"96":3,"97":2,"98":1,"99":1,"100":2,"101":2,"102":2,"103":2,"104":2,"105":2,"106":0,"107":1,"108":1},"f":{"0":1,"1":1,"2":1,"3":3,"4":0,"5":1,"6":0,"7":36,"8":5,"9":23,"10":11,"11":11,"12":9,"13":9,"14":1,"15":13,"16":11,"17":8,"18":3,"19":3,"20":3,"21":4,"22":3,"23":0,"24":3,"25":3,"26":2,"27":0,"28":3,"29":3,"30":1,"31":4,"32":3,"33":1,"34":2,"35":2},"b":{"0":[10,10],"1":[10,0],"2":[0,1],"3":[1,0],"4":[3,0],"5":[3,3],"6":[0,0],"7":[9,27],"8":[1,10],"9":[11,2],"10":[13,13],"11":[10,1],"12":[8,2],"13":[0,2],"14":[4,4],"15":[4,4],"16":[3,1],"17":[3,0],"18":[2,1],"19":[2,1],"20":[1,1],"21":[1,0],"22":[2,1],"23":[2,2],"24":[2,2],"25":[2,0]},"_coverageSchema":"332fd63041d2c1bcb487cc26dd0d5f7d97098a6c","hash":"994fa5ab277f4ebf1a3dd9ce58284be7a7d03f87","contentHash":"71a4718d3a357c02858f50f16487cda8_11.0.2-candidate.0"},"/Users/andeladeveloper/cp/document-manager/server/helpers/ErrorHandler.js":{"path":"/Users/andeladeveloper/cp/document-manager/server/helpers/ErrorHandler.js","statementMap":{"0":{"start":{"line":3,"column":0},"end":{"line":5,"column":3}},"1":{"start":{"line":7,"column":19},"end":{"line":7,"column":563}},"2":{"start":{"line":7,"column":76},"end":{"line":7,"column":347}},"3":{"start":{"line":7,"column":134},"end":{"line":7,"column":142}},"4":{"start":{"line":7,"column":144},"end":{"line":7,"column":199}},"5":{"start":{"line":7,"column":200},"end":{"line":7,"column":231}},"6":{"start":{"line":7,"column":232},"end":{"line":7,"column":286}},"7":{"start":{"line":7,"column":259},"end":{"line":7,"column":286}},"8":{"start":{"line":7,"column":287},"end":{"line":7,"column":345}},"9":{"start":{"line":7,"column":350},"end":{"line":7,"column":559}},"10":{"start":{"line":7,"column":407},"end":{"line":7,"column":475}},"11":{"start":{"line":7,"column":423},"end":{"line":7,"column":475}},"12":{"start":{"line":7,"column":476},"end":{"line":7,"column":536}},"13":{"start":{"line":7,"column":493},"end":{"line":7,"column":536}},"14":{"start":{"line":7,"column":537},"end":{"line":7,"column":556}},"15":{"start":{"line":9,"column":23},"end":{"line":9,"column":51}},"16":{"start":{"line":11,"column":24},"end":{"line":11,"column":64}},"17":{"start":{"line":13,"column":39},"end":{"line":13,"column":93}},"18":{"start":{"line":15,"column":50},"end":{"line":15,"column":151}},"19":{"start":{"line":15,"column":92},"end":{"line":15,"column":149}},"20":{"start":{"line":21,"column":19},"end":{"line":78,"column":3}},"21":{"start":{"line":23,"column":4},"end":{"line":23,"column":40}},"22":{"start":{"line":26,"column":2},"end":{"line":75,"column":6}},"23":{"start":{"line":37,"column":6},"end":{"line":39,"column":9}},"24":{"start":{"line":38,"column":8},"end":{"line":38,"column":42}},"25":{"start":{"line":52,"column":6},"end":{"line":73,"column":7}},"26":{"start":{"line":55,"column":31},"end":{"line":55,"column":69}},"27":{"start":{"line":56,"column":12},"end":{"line":56,"column":77}},"28":{"start":{"line":60,"column":12},"end":{"line":60,"column":91}},"29":{"start":{"line":65,"column":12},"end":{"line":65,"column":91}},"30":{"start":{"line":70,"column":12},"end":{"line":70,"column":63}},"31":{"start":{"line":77,"column":2},"end":{"line":77,"column":22}},"32":{"start":{"line":80,"column":0},"end":{"line":80,"column":31}}},"fnMap":{"0":{"name":"(anonymous_0)","decl":{"start":{"line":7,"column":19},"end":{"line":7,"column":20}},"loc":{"start":{"line":7,"column":31},"end":{"line":7,"column":561}},"line":7},"1":{"name":"defineProperties","decl":{"start":{"line":7,"column":42},"end":{"line":7,"column":58}},"loc":{"start":{"line":7,"column":74},"end":{"line":7,"column":349}},"line":7},"2":{"name":"(anonymous_2)","decl":{"start":{"line":7,"column":357},"end":{"line":7,"column":358}},"loc":{"start":{"line":7,"column":405},"end":{"line":7,"column":558}},"line":7},"3":{"name":"_interopRequireDefault","decl":{"start":{"line":13,"column":9},"end":{"line":13,"column":31}},"loc":{"start":{"line":13,"column":37},"end":{"line":13,"column":95}},"line":13},"4":{"name":"_classCallCheck","decl":{"start":{"line":15,"column":9},"end":{"line":15,"column":24}},"loc":{"start":{"line":15,"column":48},"end":{"line":15,"column":153}},"line":15},"5":{"name":"(anonymous_5)","decl":{"start":{"line":21,"column":19},"end":{"line":21,"column":20}},"loc":{"start":{"line":21,"column":31},"end":{"line":78,"column":1}},"line":21},"6":{"name":"ErrorHandler","decl":{"start":{"line":22,"column":11},"end":{"line":22,"column":23}},"loc":{"start":{"line":22,"column":26},"end":{"line":24,"column":3}},"line":22},"7":{"name":"parseErrors","decl":{"start":{"line":36,"column":20},"end":{"line":36,"column":31}},"loc":{"start":{"line":36,"column":40},"end":{"line":40,"column":5}},"line":36},"8":{"name":"(anonymous_8)","decl":{"start":{"line":37,"column":24},"end":{"line":37,"column":25}},"loc":{"start":{"line":37,"column":41},"end":{"line":39,"column":7}},"line":37},"9":{"name":"handleRequestError","decl":{"start":{"line":51,"column":20},"end":{"line":51,"column":38}},"loc":{"start":{"line":51,"column":56},"end":{"line":74,"column":5}},"line":51}},"branchMap":{"0":{"loc":{"start":{"line":7,"column":168},"end":{"line":7,"column":198}},"type":"binary-expr","locations":[{"start":{"line":7,"column":168},"end":{"line":7,"column":189}},{"start":{"line":7,"column":193},"end":{"line":7,"column":198}}],"line":7},"1":{"loc":{"start":{"line":7,"column":232},"end":{"line":7,"column":286}},"type":"if","locations":[{"start":{"line":7,"column":232},"end":{"line":7,"column":286}},{"start":{"line":7,"column":232},"end":{"line":7,"column":286}}],"line":7},"2":{"loc":{"start":{"line":7,"column":407},"end":{"line":7,"column":475}},"type":"if","locations":[{"start":{"line":7,"column":407},"end":{"line":7,"column":475}},{"start":{"line":7,"column":407},"end":{"line":7,"column":475}}],"line":7},"3":{"loc":{"start":{"line":7,"column":476},"end":{"line":7,"column":536}},"type":"if","locations":[{"start":{"line":7,"column":476},"end":{"line":7,"column":536}},{"start":{"line":7,"column":476},"end":{"line":7,"column":536}}],"line":7},"4":{"loc":{"start":{"line":13,"column":46},"end":{"line":13,"column":92}},"type":"cond-expr","locations":[{"start":{"line":13,"column":70},"end":{"line":13,"column":73}},{"start":{"line":13,"column":76},"end":{"line":13,"column":92}}],"line":13},"5":{"loc":{"start":{"line":13,"column":46},"end":{"line":13,"column":67}},"type":"binary-expr","locations":[{"start":{"line":13,"column":46},"end":{"line":13,"column":49}},{"start":{"line":13,"column":53},"end":{"line":13,"column":67}}],"line":13},"6":{"loc":{"start":{"line":15,"column":50},"end":{"line":15,"column":151}},"type":"if","locations":[{"start":{"line":15,"column":50},"end":{"line":15,"column":151}},{"start":{"line":15,"column":50},"end":{"line":15,"column":151}}],"line":15},"7":{"loc":{"start":{"line":52,"column":6},"end":{"line":73,"column":7}},"type":"switch","locations":[{"start":{"line":53,"column":8},"end":{"line":57,"column":11}},{"start":{"line":58,"column":8},"end":{"line":61,"column":11}},{"start":{"line":63,"column":8},"end":{"line":66,"column":11}},{"start":{"line":68,"column":8},"end":{"line":71,"column":11}}],"line":52}},"s":{"0":1,"1":1,"2":1,"3":2,"4":2,"5":2,"6":2,"7":2,"8":2,"9":1,"10":1,"11":0,"12":1,"13":1,"14":1,"15":1,"16":1,"17":1,"18":0,"19":0,"20":1,"21":0,"22":1,"23":1,"24":1,"25":2,"26":1,"27":1,"28":0,"29":1,"30":0,"31":1,"32":1},"f":{"0":1,"1":1,"2":1,"3":1,"4":0,"5":1,"6":0,"7":1,"8":1,"9":2},"b":{"0":[2,2],"1":[2,0],"2":[0,1],"3":[1,0],"4":[1,0],"5":[1,1],"6":[0,0],"7":[1,0,1,0]},"_coverageSchema":"332fd63041d2c1bcb487cc26dd0d5f7d97098a6c","hash":"6f093d7a7a7c8353abb8a6a29e1aa04ca611ee4b","contentHash":"682e94a10c7b72c7dd6924f32ac977ef_11.0.2-candidate.0"},"/Users/andeladeveloper/cp/document-manager/server/middlewares/UserMiddleware.js":{"path":"/Users/andeladeveloper/cp/document-manager/server/middlewares/UserMiddleware.js","statementMap":{"0":{"start":{"line":3,"column":0},"end":{"line":5,"column":3}},"1":{"start":{"line":7,"column":19},"end":{"line":7,"column":563}},"2":{"start":{"line":7,"column":76},"end":{"line":7,"column":347}},"3":{"start":{"line":7,"column":134},"end":{"line":7,"column":142}},"4":{"start":{"line":7,"column":144},"end":{"line":7,"column":199}},"5":{"start":{"line":7,"column":200},"end":{"line":7,"column":231}},"6":{"start":{"line":7,"column":232},"end":{"line":7,"column":286}},"7":{"start":{"line":7,"column":259},"end":{"line":7,"column":286}},"8":{"start":{"line":7,"column":287},"end":{"line":7,"column":345}},"9":{"start":{"line":7,"column":350},"end":{"line":7,"column":559}},"10":{"start":{"line":7,"column":407},"end":{"line":7,"column":475}},"11":{"start":{"line":7,"column":423},"end":{"line":7,"column":475}},"12":{"start":{"line":7,"column":476},"end":{"line":7,"column":536}},"13":{"start":{"line":7,"column":493},"end":{"line":7,"column":536}},"14":{"start":{"line":7,"column":537},"end":{"line":7,"column":556}},"15":{"start":{"line":9,"column":23},"end":{"line":9,"column":60}},"16":{"start":{"line":11,"column":24},"end":{"line":11,"column":64}},"17":{"start":{"line":13,"column":39},"end":{"line":13,"column":93}},"18":{"start":{"line":15,"column":50},"end":{"line":15,"column":151}},"19":{"start":{"line":15,"column":92},"end":{"line":15,"column":149}},"20":{"start":{"line":21,"column":21},"end":{"line":107,"column":3}},"21":{"start":{"line":23,"column":4},"end":{"line":23,"column":42}},"22":{"start":{"line":26,"column":2},"end":{"line":104,"column":6}},"23":{"start":{"line":37,"column":26},"end":{"line":37,"column":38}},"24":{"start":{"line":38,"column":18},"end":{"line":38,"column":37}},"25":{"start":{"line":39,"column":22},"end":{"line":39,"column":45}},"26":{"start":{"line":40,"column":21},"end":{"line":40,"column":43}},"27":{"start":{"line":41,"column":21},"end":{"line":41,"column":43}},"28":{"start":{"line":43,"column":6},"end":{"line":53,"column":7}},"29":{"start":{"line":44,"column":8},"end":{"line":45,"column":32}},"30":{"start":{"line":46,"column":13},"end":{"line":53,"column":7}},"31":{"start":{"line":47,"column":8},"end":{"line":47,"column":112}},"32":{"start":{"line":48,"column":13},"end":{"line":53,"column":7}},"33":{"start":{"line":49,"column":8},"end":{"line":49,"column":31}},"34":{"start":{"line":50,"column":8},"end":{"line":50,"column":15}},"35":{"start":{"line":52,"column":8},"end":{"line":52,"column":15}},"36":{"start":{"line":67,"column":28},"end":{"line":67,"column":50}},"37":{"start":{"line":68,"column":6},"end":{"line":72,"column":7}},"38":{"start":{"line":69,"column":8},"end":{"line":69,"column":93}},"39":{"start":{"line":71,"column":8},"end":{"line":71,"column":15}},"40":{"start":{"line":87,"column":21},"end":{"line":87,"column":46}},"41":{"start":{"line":88,"column":6},"end":{"line":102,"column":7}},"42":{"start":{"line":89,"column":8},"end":{"line":89,"column":96}},"43":{"start":{"line":90,"column":13},"end":{"line":102,"column":7}},"44":{"start":{"line":91,"column":8},"end":{"line":91,"column":95}},"45":{"start":{"line":92,"column":13},"end":{"line":102,"column":7}},"46":{"start":{"line":93,"column":8},"end":{"line":93,"column":95}},"47":{"start":{"line":94,"column":13},"end":{"line":102,"column":7}},"48":{"start":{"line":95,"column":8},"end":{"line":97,"column":11}},"49":{"start":{"line":98,"column":13},"end":{"line":102,"column":7}},"50":{"start":{"line":99,"column":8},"end":{"line":99,"column":15}},"51":{"start":{"line":101,"column":8},"end":{"line":101,"column":52}},"52":{"start":{"line":106,"column":2},"end":{"line":106,"column":24}},"53":{"start":{"line":109,"column":0},"end":{"line":109,"column":33}}},"fnMap":{"0":{"name":"(anonymous_0)","decl":{"start":{"line":7,"column":19},"end":{"line":7,"column":20}},"loc":{"start":{"line":7,"column":31},"end":{"line":7,"column":561}},"line":7},"1":{"name":"defineProperties","decl":{"start":{"line":7,"column":42},"end":{"line":7,"column":58}},"loc":{"start":{"line":7,"column":74},"end":{"line":7,"column":349}},"line":7},"2":{"name":"(anonymous_2)","decl":{"start":{"line":7,"column":357},"end":{"line":7,"column":358}},"loc":{"start":{"line":7,"column":405},"end":{"line":7,"column":558}},"line":7},"3":{"name":"_interopRequireDefault","decl":{"start":{"line":13,"column":9},"end":{"line":13,"column":31}},"loc":{"start":{"line":13,"column":37},"end":{"line":13,"column":95}},"line":13},"4":{"name":"_classCallCheck","decl":{"start":{"line":15,"column":9},"end":{"line":15,"column":24}},"loc":{"start":{"line":15,"column":48},"end":{"line":15,"column":153}},"line":15},"5":{"name":"(anonymous_5)","decl":{"start":{"line":21,"column":21},"end":{"line":21,"column":22}},"loc":{"start":{"line":21,"column":33},"end":{"line":107,"column":1}},"line":21},"6":{"name":"UserMiddleware","decl":{"start":{"line":22,"column":11},"end":{"line":22,"column":25}},"loc":{"start":{"line":22,"column":28},"end":{"line":24,"column":3}},"line":22},"7":{"name":"validateCreateRequest","decl":{"start":{"line":36,"column":20},"end":{"line":36,"column":41}},"loc":{"start":{"line":36,"column":67},"end":{"line":54,"column":5}},"line":36},"8":{"name":"validateDeleteRequest","decl":{"start":{"line":66,"column":20},"end":{"line":66,"column":41}},"loc":{"start":{"line":66,"column":67},"end":{"line":73,"column":5}},"line":66},"9":{"name":"validateUpdateRequest","decl":{"start":{"line":86,"column":20},"end":{"line":86,"column":41}},"loc":{"start":{"line":86,"column":67},"end":{"line":103,"column":5}},"line":86}},"branchMap":{"0":{"loc":{"start":{"line":7,"column":168},"end":{"line":7,"column":198}},"type":"binary-expr","locations":[{"start":{"line":7,"column":168},"end":{"line":7,"column":189}},{"start":{"line":7,"column":193},"end":{"line":7,"column":198}}],"line":7},"1":{"loc":{"start":{"line":7,"column":232},"end":{"line":7,"column":286}},"type":"if","locations":[{"start":{"line":7,"column":232},"end":{"line":7,"column":286}},{"start":{"line":7,"column":232},"end":{"line":7,"column":286}}],"line":7},"2":{"loc":{"start":{"line":7,"column":407},"end":{"line":7,"column":475}},"type":"if","locations":[{"start":{"line":7,"column":407},"end":{"line":7,"column":475}},{"start":{"line":7,"column":407},"end":{"line":7,"column":475}}],"line":7},"3":{"loc":{"start":{"line":7,"column":476},"end":{"line":7,"column":536}},"type":"if","locations":[{"start":{"line":7,"column":476},"end":{"line":7,"column":536}},{"start":{"line":7,"column":476},"end":{"line":7,"column":536}}],"line":7},"4":{"loc":{"start":{"line":13,"column":46},"end":{"line":13,"column":92}},"type":"cond-expr","locations":[{"start":{"line":13,"column":70},"end":{"line":13,"column":73}},{"start":{"line":13,"column":76},"end":{"line":13,"column":92}}],"line":13},"5":{"loc":{"start":{"line":13,"column":46},"end":{"line":13,"column":67}},"type":"binary-expr","locations":[{"start":{"line":13,"column":46},"end":{"line":13,"column":49}},{"start":{"line":13,"column":53},"end":{"line":13,"column":67}}],"line":13},"6":{"loc":{"start":{"line":15,"column":50},"end":{"line":15,"column":151}},"type":"if","locations":[{"start":{"line":15,"column":50},"end":{"line":15,"column":151}},{"start":{"line":15,"column":50},"end":{"line":15,"column":151}}],"line":15},"7":{"loc":{"start":{"line":43,"column":6},"end":{"line":53,"column":7}},"type":"if","locations":[{"start":{"line":43,"column":6},"end":{"line":53,"column":7}},{"start":{"line":43,"column":6},"end":{"line":53,"column":7}}],"line":43},"8":{"loc":{"start":{"line":43,"column":10},"end":{"line":43,"column":56}},"type":"binary-expr","locations":[{"start":{"line":43,"column":10},"end":{"line":43,"column":16}},{"start":{"line":43,"column":20},"end":{"line":43,"column":30}},{"start":{"line":43,"column":34},"end":{"line":43,"column":43}},{"start":{"line":43,"column":47},"end":{"line":43,"column":56}}],"line":43},"9":{"loc":{"start":{"line":46,"column":13},"end":{"line":53,"column":7}},"type":"if","locations":[{"start":{"line":46,"column":13},"end":{"line":53,"column":7}},{"start":{"line":46,"column":13},"end":{"line":53,"column":7}}],"line":46},"10":{"loc":{"start":{"line":46,"column":17},"end":{"line":46,"column":60}},"type":"binary-expr","locations":[{"start":{"line":46,"column":17},"end":{"line":46,"column":36}},{"start":{"line":46,"column":40},"end":{"line":46,"column":60}}],"line":46},"11":{"loc":{"start":{"line":48,"column":13},"end":{"line":53,"column":7}},"type":"if","locations":[{"start":{"line":48,"column":13},"end":{"line":53,"column":7}},{"start":{"line":48,"column":13},"end":{"line":53,"column":7}}],"line":48},"12":{"loc":{"start":{"line":68,"column":6},"end":{"line":72,"column":7}},"type":"if","locations":[{"start":{"line":68,"column":6},"end":{"line":72,"column":7}},{"start":{"line":68,"column":6},"end":{"line":72,"column":7}}],"line":68},"13":{"loc":{"start":{"line":88,"column":6},"end":{"line":102,"column":7}},"type":"if","locations":[{"start":{"line":88,"column":6},"end":{"line":102,"column":7}},{"start":{"line":88,"column":6},"end":{"line":102,"column":7}}],"line":88},"14":{"loc":{"start":{"line":90,"column":13},"end":{"line":102,"column":7}},"type":"if","locations":[{"start":{"line":90,"column":13},"end":{"line":102,"column":7}},{"start":{"line":90,"column":13},"end":{"line":102,"column":7}}],"line":90},"15":{"loc":{"start":{"line":92,"column":13},"end":{"line":102,"column":7}},"type":"if","locations":[{"start":{"line":92,"column":13},"end":{"line":102,"column":7}},{"start":{"line":92,"column":13},"end":{"line":102,"column":7}}],"line":92},"16":{"loc":{"start":{"line":94,"column":13},"end":{"line":102,"column":7}},"type":"if","locations":[{"start":{"line":94,"column":13},"end":{"line":102,"column":7}},{"start":{"line":94,"column":13},"end":{"line":102,"column":7}}],"line":94},"17":{"loc":{"start":{"line":94,"column":17},"end":{"line":94,"column":113}},"type":"binary-expr","locations":[{"start":{"line":94,"column":17},"end":{"line":94,"column":38}},{"start":{"line":94,"column":43},"end":{"line":94,"column":75}},{"start":{"line":94,"column":79},"end":{"line":94,"column":112}}],"line":94},"18":{"loc":{"start":{"line":98,"column":13},"end":{"line":102,"column":7}},"type":"if","locations":[{"start":{"line":98,"column":13},"end":{"line":102,"column":7}},{"start":{"line":98,"column":13},"end":{"line":102,"column":7}}],"line":98},"19":{"loc":{"start":{"line":98,"column":17},"end":{"line":98,"column":84}},"type":"binary-expr","locations":[{"start":{"line":98,"column":17},"end":{"line":98,"column":52}},{"start":{"line":98,"column":56},"end":{"line":98,"column":84}}],"line":98}},"s":{"0":1,"1":1,"2":1,"3":3,"4":3,"5":3,"6":3,"7":3,"8":3,"9":1,"10":1,"11":0,"12":1,"13":1,"14":1,"15":1,"16":1,"17":1,"18":0,"19":0,"20":1,"21":0,"22":1,"23":13,"24":13,"25":13,"26":13,"27":13,"28":13,"29":1,"30":12,"31":1,"32":11,"33":1,"34":1,"35":10,"36":4,"37":4,"38":1,"39":3,"40":9,"41":9,"42":1,"43":8,"44":1,"45":7,"46":1,"47":6,"48":2,"49":4,"50":3,"51":1,"52":1,"53":1},"f":{"0":1,"1":1,"2":1,"3":1,"4":0,"5":1,"6":0,"7":13,"8":4,"9":9},"b":{"0":[3,3],"1":[3,0],"2":[0,1],"3":[1,0],"4":[1,0],"5":[1,1],"6":[0,0],"7":[1,12],"8":[13,12,12,12],"9":[1,11],"10":[12,11],"11":[1,10],"12":[1,3],"13":[1,8],"14":[1,7],"15":[1,6],"16":[2,4],"17":[6,6,5],"18":[3,1],"19":[4,3]},"_coverageSchema":"332fd63041d2c1bcb487cc26dd0d5f7d97098a6c","hash":"f69f4ad442df65b69d4b3c4137eb0a72d7c5a033","contentHash":"b5e0c4d9ba46c86d7a4e96ad00fb3ed0_11.0.2-candidate.0"}}